Connecting to database specified by database.yml
  [1m[36m (0.1ms)[0m  [1mselect sqlite_version(*)[0m
  [1m[35m (20.4ms)[0m  CREATE TABLE "schema_migrations" ("version" varchar(255) NOT NULL) 
  [1m[36m (6.1ms)[0m  [1mCREATE UNIQUE INDEX "unique_schema_migrations" ON "schema_migrations" ("version")[0m
  [1m[35m (1.2ms)[0m  SELECT "schema_migrations"."version" FROM "schema_migrations" 
Migrating to CreateMovies (20111119180638)
  [1m[36m (0.0ms)[0m  [1mbegin transaction[0m
  [1m[35m (0.3ms)[0m  CREATE TABLE "movies" ("id" INTEGER PRIMARY KEY AUTOINCREMENT NOT NULL, "title" varchar(255), "rating" varchar(255), "description" text, "release_date" datetime, "created_at" datetime NOT NULL, "updated_at" datetime NOT NULL) 
  [1m[36m (0.1ms)[0m  [1mINSERT INTO "schema_migrations" ("version") VALUES ('20111119180638')[0m
  [1m[35m (5.0ms)[0m  commit transaction
  [1m[36m (0.1ms)[0m  [1mSELECT "schema_migrations"."version" FROM "schema_migrations" [0m
Connecting to database specified by database.yml
  [1m[36m (1.0ms)[0m  [1mSELECT "schema_migrations"."version" FROM "schema_migrations" [0m
  [1m[35m (0.0ms)[0m  begin transaction
  [1m[36mSQL (19.2ms)[0m  [1mINSERT INTO "movies" ("created_at", "description", "rating", "release_date", "title", "updated_at") VALUES (?, ?, ?, ?, ?, ?)[0m  [["created_at", Thu, 20 Nov 2014 23:53:02 UTC +00:00], ["description", nil], ["rating", "G"], ["release_date", Wed, 25 Nov 1992 00:00:00 UTC +00:00], ["title", "Aladdin"], ["updated_at", Thu, 20 Nov 2014 23:53:02 UTC +00:00]]
  [1m[35m (10.8ms)[0m  commit transaction
  [1m[36m (0.1ms)[0m  [1mbegin transaction[0m
  [1m[35mSQL (0.2ms)[0m  INSERT INTO "movies" ("created_at", "description", "rating", "release_date", "title", "updated_at") VALUES (?, ?, ?, ?, ?, ?)  [["created_at", Thu, 20 Nov 2014 23:53:02 UTC +00:00], ["description", nil], ["rating", "R"], ["release_date", Fri, 26 Oct 1984 00:00:00 UTC +00:00], ["title", "The Terminator"], ["updated_at", Thu, 20 Nov 2014 23:53:02 UTC +00:00]]
  [1m[36m (5.4ms)[0m  [1mcommit transaction[0m
  [1m[35m (0.0ms)[0m  begin transaction
  [1m[36mSQL (0.2ms)[0m  [1mINSERT INTO "movies" ("created_at", "description", "rating", "release_date", "title", "updated_at") VALUES (?, ?, ?, ?, ?, ?)[0m  [["created_at", Thu, 20 Nov 2014 23:53:02 UTC +00:00], ["description", nil], ["rating", "R"], ["release_date", Fri, 21 Jul 1989 00:00:00 UTC +00:00], ["title", "When Harry Met Sally"], ["updated_at", Thu, 20 Nov 2014 23:53:02 UTC +00:00]]
  [1m[35m (4.1ms)[0m  commit transaction
  [1m[36m (0.0ms)[0m  [1mbegin transaction[0m
  [1m[35mSQL (0.2ms)[0m  INSERT INTO "movies" ("created_at", "description", "rating", "release_date", "title", "updated_at") VALUES (?, ?, ?, ?, ?, ?)  [["created_at", Thu, 20 Nov 2014 23:53:02 UTC +00:00], ["description", nil], ["rating", "PG-13"], ["release_date", Wed, 10 Aug 2011 00:00:00 UTC +00:00], ["title", "The Help"], ["updated_at", Thu, 20 Nov 2014 23:53:02 UTC +00:00]]
  [1m[36m (3.6ms)[0m  [1mcommit transaction[0m
  [1m[35m (0.0ms)[0m  begin transaction
  [1m[36mSQL (0.2ms)[0m  [1mINSERT INTO "movies" ("created_at", "description", "rating", "release_date", "title", "updated_at") VALUES (?, ?, ?, ?, ?, ?)[0m  [["created_at", Thu, 20 Nov 2014 23:53:02 UTC +00:00], ["description", nil], ["rating", "PG-13"], ["release_date", Fri, 05 Jan 2001 00:00:00 UTC +00:00], ["title", "Chocolat"], ["updated_at", Thu, 20 Nov 2014 23:53:02 UTC +00:00]]
  [1m[35m (3.0ms)[0m  commit transaction
  [1m[36m (0.0ms)[0m  [1mbegin transaction[0m
  [1m[35mSQL (0.2ms)[0m  INSERT INTO "movies" ("created_at", "description", "rating", "release_date", "title", "updated_at") VALUES (?, ?, ?, ?, ?, ?)  [["created_at", Thu, 20 Nov 2014 23:53:02 UTC +00:00], ["description", nil], ["rating", "R"], ["release_date", Wed, 25 Apr 2001 00:00:00 UTC +00:00], ["title", "Amelie"], ["updated_at", Thu, 20 Nov 2014 23:53:02 UTC +00:00]]
  [1m[36m (3.0ms)[0m  [1mcommit transaction[0m
  [1m[35m (0.0ms)[0m  begin transaction
  [1m[36mSQL (0.2ms)[0m  [1mINSERT INTO "movies" ("created_at", "description", "rating", "release_date", "title", "updated_at") VALUES (?, ?, ?, ?, ?, ?)[0m  [["created_at", Thu, 20 Nov 2014 23:53:02 UTC +00:00], ["description", nil], ["rating", "G"], ["release_date", Sat, 06 Apr 1968 00:00:00 UTC +00:00], ["title", "2001: A Space Odyssey"], ["updated_at", Thu, 20 Nov 2014 23:53:02 UTC +00:00]]
  [1m[35m (3.0ms)[0m  commit transaction
  [1m[36m (0.0ms)[0m  [1mbegin transaction[0m
  [1m[35mSQL (0.2ms)[0m  INSERT INTO "movies" ("created_at", "description", "rating", "release_date", "title", "updated_at") VALUES (?, ?, ?, ?, ?, ?)  [["created_at", Thu, 20 Nov 2014 23:53:02 UTC +00:00], ["description", nil], ["rating", "PG"], ["release_date", Fri, 05 Nov 2004 00:00:00 UTC +00:00], ["title", "The Incredibles"], ["updated_at", Thu, 20 Nov 2014 23:53:02 UTC +00:00]]
  [1m[36m (2.9ms)[0m  [1mcommit transaction[0m
  [1m[35m (0.0ms)[0m  begin transaction
  [1m[36mSQL (0.2ms)[0m  [1mINSERT INTO "movies" ("created_at", "description", "rating", "release_date", "title", "updated_at") VALUES (?, ?, ?, ?, ?, ?)[0m  [["created_at", Thu, 20 Nov 2014 23:53:02 UTC +00:00], ["description", nil], ["rating", "PG"], ["release_date", Fri, 12 Jun 1981 00:00:00 UTC +00:00], ["title", "Raiders of the Lost Ark"], ["updated_at", Thu, 20 Nov 2014 23:53:02 UTC +00:00]]
  [1m[35m (2.9ms)[0m  commit transaction
  [1m[36m (0.0ms)[0m  [1mbegin transaction[0m
  [1m[35mSQL (0.2ms)[0m  INSERT INTO "movies" ("created_at", "description", "rating", "release_date", "title", "updated_at") VALUES (?, ?, ?, ?, ?, ?)  [["created_at", Thu, 20 Nov 2014 23:53:02 UTC +00:00], ["description", nil], ["rating", "G"], ["release_date", Wed, 21 Jun 2000 00:00:00 UTC +00:00], ["title", "Chicken Run"], ["updated_at", Thu, 20 Nov 2014 23:53:02 UTC +00:00]]
  [1m[36m (3.5ms)[0m  [1mcommit transaction[0m


Started GET "/movies" for 127.0.0.1 at 2014-11-20 19:53:27 -0400
Connecting to database specified by database.yml
Processing by MoviesController#index as HTML
  [1m[36mMovie Load (0.1ms)[0m  [1mSELECT "movies".* FROM "movies" [0m
  Rendered movies/index.html.haml within layouts/application (7.4ms)
Compiled application.css  (0ms)  (pid 6891)
Compiled jquery.js  (1ms)  (pid 6891)
Compiled jquery_ujs.js  (0ms)  (pid 6891)
Compiled application.js  (34ms)  (pid 6891)
Completed 200 OK in 146.8ms (Views: 90.4ms | ActiveRecord: 1.7ms)


Started GET "/assets/application.css?body=1" for 127.0.0.1 at 2014-11-20 19:53:27 -0400
Served asset /application.css - 200 OK (1ms)


Started GET "/assets/jquery.js?body=1" for 127.0.0.1 at 2014-11-20 19:53:27 -0400
Served asset /jquery.js - 200 OK (42ms)


Started GET "/assets/application.js?body=1" for 127.0.0.1 at 2014-11-20 19:53:27 -0400
Served asset /application.js - 200 OK (19ms)


Started GET "/assets/jquery_ujs.js?body=1" for 127.0.0.1 at 2014-11-20 19:53:27 -0400
Served asset /jquery_ujs.js - 200 OK (1ms)


Started GET "/movies" for 127.0.0.1 at 2014-11-23 08:55:53 -0400
Connecting to database specified by database.yml
Processing by MoviesController#index as HTML
  [1m[36mMovie Load (0.2ms)[0m  [1mSELECT "movies".* FROM "movies" [0m
  Rendered movies/index.html.haml within layouts/application (8.8ms)
Compiled application.css  (0ms)  (pid 3198)
Completed 200 OK in 140.1ms (Views: 65.3ms | ActiveRecord: 2.6ms)


Started GET "/assets/application.css?body=1" for 127.0.0.1 at 2014-11-23 08:55:54 -0400
Served asset /application.css - 200 OK (6ms)


Started GET "/assets/jquery.js?body=1" for 127.0.0.1 at 2014-11-23 08:55:54 -0400
Served asset /jquery.js - 200 OK (3ms)


Started GET "/assets/jquery_ujs.js?body=1" for 127.0.0.1 at 2014-11-23 08:55:54 -0400
Served asset /jquery_ujs.js - 200 OK (1ms)


Started GET "/assets/application.js?body=1" for 127.0.0.1 at 2014-11-23 08:55:54 -0400
Served asset /application.js - 200 OK (3ms)


Started GET "/sort_title" for 127.0.0.1 at 2014-11-23 08:55:56 -0400

ActionController::RoutingError (No route matches [GET] "/sort_title"):
  actionpack (3.2.18) lib/action_dispatch/middleware/debug_exceptions.rb:21:in `call'
  actionpack (3.2.18) lib/action_dispatch/middleware/show_exceptions.rb:56:in `call'
  railties (3.2.18) lib/rails/rack/logger.rb:32:in `call_app'
  railties (3.2.18) lib/rails/rack/logger.rb:16:in `block in call'
  activesupport (3.2.18) lib/active_support/tagged_logging.rb:22:in `tagged'
  railties (3.2.18) lib/rails/rack/logger.rb:16:in `call'
  actionpack (3.2.18) lib/action_dispatch/middleware/request_id.rb:22:in `call'
  rack (1.4.5) lib/rack/methodoverride.rb:21:in `call'
  rack (1.4.5) lib/rack/runtime.rb:17:in `call'
  activesupport (3.2.18) lib/active_support/cache/strategy/local_cache.rb:72:in `call'
  rack (1.4.5) lib/rack/lock.rb:15:in `call'
  actionpack (3.2.18) lib/action_dispatch/middleware/static.rb:63:in `call'
  railties (3.2.18) lib/rails/engine.rb:484:in `call'
  railties (3.2.18) lib/rails/application.rb:231:in `call'
  rack (1.4.5) lib/rack/content_length.rb:14:in `call'
  railties (3.2.18) lib/rails/rack/log_tailer.rb:17:in `call'
  rack (1.4.5) lib/rack/handler/webrick.rb:59:in `service'
  /home/saasbook/.rvm/rubies/ruby-1.9.3-p448/lib/ruby/1.9.1/webrick/httpserver.rb:138:in `service'
  /home/saasbook/.rvm/rubies/ruby-1.9.3-p448/lib/ruby/1.9.1/webrick/httpserver.rb:94:in `run'
  /home/saasbook/.rvm/rubies/ruby-1.9.3-p448/lib/ruby/1.9.1/webrick/server.rb:191:in `block in start_thread'


  Rendered /home/saasbook/.rvm/gems/ruby-1.9.3-p448/gems/actionpack-3.2.18/lib/action_dispatch/middleware/templates/rescues/routing_error.erb within rescues/layout (0.6ms)


Started GET "/movies/1" for 127.0.0.1 at 2014-11-23 08:56:34 -0400
Processing by MoviesController#show as HTML
  Parameters: {"id"=>"1"}
  [1m[35mMovie Load (0.2ms)[0m  SELECT "movies".* FROM "movies" WHERE "movies"."id" = ? LIMIT 1  [["id", "1"]]
  Rendered movies/show.html.haml within layouts/application (2.7ms)
Completed 200 OK in 13.0ms (Views: 10.8ms | ActiveRecord: 0.2ms)


Started GET "/assets/application.css?body=1" for 127.0.0.1 at 2014-11-23 08:56:34 -0400
Served asset /application.css - 304 Not Modified (0ms)


Started GET "/assets/application.js?body=1" for 127.0.0.1 at 2014-11-23 08:56:34 -0400
Served asset /application.js - 304 Not Modified (0ms)


Started GET "/assets/jquery_ujs.js?body=1" for 127.0.0.1 at 2014-11-23 08:56:34 -0400
Served asset /jquery_ujs.js - 304 Not Modified (0ms)


Started GET "/assets/jquery.js?body=1" for 127.0.0.1 at 2014-11-23 08:56:34 -0400
Served asset /jquery.js - 304 Not Modified (0ms)


Started GET "/movies" for 127.0.0.1 at 2014-11-23 09:14:02 -0400
Processing by MoviesController#index as HTML
  [1m[36mMovie Load (0.1ms)[0m  [1mSELECT "movies".* FROM "movies" [0m
Completed 500 Internal Server Error in 8.7ms

NoMethodError (undefined method `order' for #<Array:0xb4e77d18>):
  app/controllers/movies_controller.rb:10:in `index'


  Rendered /home/saasbook/.rvm/gems/ruby-1.9.3-p448/gems/actionpack-3.2.18/lib/action_dispatch/middleware/templates/rescues/_trace.erb (1.1ms)
  Rendered /home/saasbook/.rvm/gems/ruby-1.9.3-p448/gems/actionpack-3.2.18/lib/action_dispatch/middleware/templates/rescues/_request_and_response.erb (0.8ms)
  Rendered /home/saasbook/.rvm/gems/ruby-1.9.3-p448/gems/actionpack-3.2.18/lib/action_dispatch/middleware/templates/rescues/diagnostics.erb within rescues/layout (10.4ms)


Started GET "/movies" for 127.0.0.1 at 2014-11-23 09:16:24 -0400

SyntaxError (/home/saasbook/Documents/rails-intro/app/controllers/movies_controller.rb:41: syntax error, unexpected $end, expecting keyword_end):
  activesupport (3.2.18) lib/active_support/dependencies.rb:469:in `load'
  activesupport (3.2.18) lib/active_support/dependencies.rb:469:in `block in load_file'
  activesupport (3.2.18) lib/active_support/dependencies.rb:639:in `new_constants_in'
  activesupport (3.2.18) lib/active_support/dependencies.rb:468:in `load_file'
  activesupport (3.2.18) lib/active_support/dependencies.rb:353:in `require_or_load'
  activesupport (3.2.18) lib/active_support/dependencies.rb:502:in `load_missing_constant'
  activesupport (3.2.18) lib/active_support/dependencies.rb:192:in `block in const_missing'
  activesupport (3.2.18) lib/active_support/dependencies.rb:190:in `each'
  activesupport (3.2.18) lib/active_support/dependencies.rb:190:in `const_missing'
  activesupport (3.2.18) lib/active_support/inflector/methods.rb:230:in `block in constantize'
  activesupport (3.2.18) lib/active_support/inflector/methods.rb:229:in `each'
  activesupport (3.2.18) lib/active_support/inflector/methods.rb:229:in `constantize'
  activesupport (3.2.18) lib/active_support/dependencies.rb:554:in `get'
  actionpack (3.2.18) lib/action_dispatch/routing/route_set.rb:69:in `controller_reference'
  actionpack (3.2.18) lib/action_dispatch/routing/route_set.rb:54:in `controller'
  actionpack (3.2.18) lib/action_dispatch/routing/route_set.rb:32:in `call'
  journey (1.0.4) lib/journey/router.rb:68:in `block in call'
  journey (1.0.4) lib/journey/router.rb:56:in `each'
  journey (1.0.4) lib/journey/router.rb:56:in `call'
  actionpack (3.2.18) lib/action_dispatch/routing/route_set.rb:608:in `call'
  actionpack (3.2.18) lib/action_dispatch/middleware/best_standards_support.rb:17:in `call'
  rack (1.4.5) lib/rack/etag.rb:23:in `call'
  rack (1.4.5) lib/rack/conditionalget.rb:25:in `call'
  actionpack (3.2.18) lib/action_dispatch/middleware/head.rb:14:in `call'
  actionpack (3.2.18) lib/action_dispatch/middleware/params_parser.rb:21:in `call'
  actionpack (3.2.18) lib/action_dispatch/middleware/flash.rb:242:in `call'
  rack (1.4.5) lib/rack/session/abstract/id.rb:210:in `context'
  rack (1.4.5) lib/rack/session/abstract/id.rb:205:in `call'
  actionpack (3.2.18) lib/action_dispatch/middleware/cookies.rb:341:in `call'
  activerecord (3.2.18) lib/active_record/query_cache.rb:64:in `call'
  activerecord (3.2.18) lib/active_record/connection_adapters/abstract/connection_pool.rb:479:in `call'
  actionpack (3.2.18) lib/action_dispatch/middleware/callbacks.rb:28:in `block in call'
  activesupport (3.2.18) lib/active_support/callbacks.rb:405:in `_run__938606670__call__20487964__callbacks'
  activesupport (3.2.18) lib/active_support/callbacks.rb:405:in `__run_callback'
  activesupport (3.2.18) lib/active_support/callbacks.rb:385:in `_run_call_callbacks'
  activesupport (3.2.18) lib/active_support/callbacks.rb:81:in `run_callbacks'
  actionpack (3.2.18) lib/action_dispatch/middleware/callbacks.rb:27:in `call'
  actionpack (3.2.18) lib/action_dispatch/middleware/reloader.rb:65:in `call'
  actionpack (3.2.18) lib/action_dispatch/middleware/remote_ip.rb:31:in `call'
  actionpack (3.2.18) lib/action_dispatch/middleware/debug_exceptions.rb:16:in `call'
  actionpack (3.2.18) lib/action_dispatch/middleware/show_exceptions.rb:56:in `call'
  railties (3.2.18) lib/rails/rack/logger.rb:32:in `call_app'
  railties (3.2.18) lib/rails/rack/logger.rb:16:in `block in call'
  activesupport (3.2.18) lib/active_support/tagged_logging.rb:22:in `tagged'
  railties (3.2.18) lib/rails/rack/logger.rb:16:in `call'
  actionpack (3.2.18) lib/action_dispatch/middleware/request_id.rb:22:in `call'
  rack (1.4.5) lib/rack/methodoverride.rb:21:in `call'
  rack (1.4.5) lib/rack/runtime.rb:17:in `call'
  activesupport (3.2.18) lib/active_support/cache/strategy/local_cache.rb:72:in `call'
  rack (1.4.5) lib/rack/lock.rb:15:in `call'
  actionpack (3.2.18) lib/action_dispatch/middleware/static.rb:63:in `call'
  railties (3.2.18) lib/rails/engine.rb:484:in `call'
  railties (3.2.18) lib/rails/application.rb:231:in `call'
  rack (1.4.5) lib/rack/content_length.rb:14:in `call'
  railties (3.2.18) lib/rails/rack/log_tailer.rb:17:in `call'
  rack (1.4.5) lib/rack/handler/webrick.rb:59:in `service'
  /home/saasbook/.rvm/rubies/ruby-1.9.3-p448/lib/ruby/1.9.1/webrick/httpserver.rb:138:in `service'
  /home/saasbook/.rvm/rubies/ruby-1.9.3-p448/lib/ruby/1.9.1/webrick/httpserver.rb:94:in `run'
  /home/saasbook/.rvm/rubies/ruby-1.9.3-p448/lib/ruby/1.9.1/webrick/server.rb:191:in `block in start_thread'


  Rendered /home/saasbook/.rvm/gems/ruby-1.9.3-p448/gems/actionpack-3.2.18/lib/action_dispatch/middleware/templates/rescues/_trace.erb (1.0ms)
  Rendered /home/saasbook/.rvm/gems/ruby-1.9.3-p448/gems/actionpack-3.2.18/lib/action_dispatch/middleware/templates/rescues/_request_and_response.erb (0.7ms)
  Rendered /home/saasbook/.rvm/gems/ruby-1.9.3-p448/gems/actionpack-3.2.18/lib/action_dispatch/middleware/templates/rescues/diagnostics.erb within rescues/layout (9.8ms)


Started GET "/movies" for 127.0.0.1 at 2014-11-23 09:16:32 -0400

SyntaxError (/home/saasbook/Documents/rails-intro/app/controllers/movies_controller.rb:41: syntax error, unexpected $end, expecting keyword_end):
  activesupport (3.2.18) lib/active_support/dependencies.rb:469:in `load'
  activesupport (3.2.18) lib/active_support/dependencies.rb:469:in `block in load_file'
  activesupport (3.2.18) lib/active_support/dependencies.rb:639:in `new_constants_in'
  activesupport (3.2.18) lib/active_support/dependencies.rb:468:in `load_file'
  activesupport (3.2.18) lib/active_support/dependencies.rb:353:in `require_or_load'
  activesupport (3.2.18) lib/active_support/dependencies.rb:502:in `load_missing_constant'
  activesupport (3.2.18) lib/active_support/dependencies.rb:192:in `block in const_missing'
  activesupport (3.2.18) lib/active_support/dependencies.rb:190:in `each'
  activesupport (3.2.18) lib/active_support/dependencies.rb:190:in `const_missing'
  activesupport (3.2.18) lib/active_support/inflector/methods.rb:230:in `block in constantize'
  activesupport (3.2.18) lib/active_support/inflector/methods.rb:229:in `each'
  activesupport (3.2.18) lib/active_support/inflector/methods.rb:229:in `constantize'
  activesupport (3.2.18) lib/active_support/dependencies.rb:554:in `get'
  actionpack (3.2.18) lib/action_dispatch/routing/route_set.rb:69:in `controller_reference'
  actionpack (3.2.18) lib/action_dispatch/routing/route_set.rb:54:in `controller'
  actionpack (3.2.18) lib/action_dispatch/routing/route_set.rb:32:in `call'
  journey (1.0.4) lib/journey/router.rb:68:in `block in call'
  journey (1.0.4) lib/journey/router.rb:56:in `each'
  journey (1.0.4) lib/journey/router.rb:56:in `call'
  actionpack (3.2.18) lib/action_dispatch/routing/route_set.rb:608:in `call'
  actionpack (3.2.18) lib/action_dispatch/middleware/best_standards_support.rb:17:in `call'
  rack (1.4.5) lib/rack/etag.rb:23:in `call'
  rack (1.4.5) lib/rack/conditionalget.rb:25:in `call'
  actionpack (3.2.18) lib/action_dispatch/middleware/head.rb:14:in `call'
  actionpack (3.2.18) lib/action_dispatch/middleware/params_parser.rb:21:in `call'
  actionpack (3.2.18) lib/action_dispatch/middleware/flash.rb:242:in `call'
  rack (1.4.5) lib/rack/session/abstract/id.rb:210:in `context'
  rack (1.4.5) lib/rack/session/abstract/id.rb:205:in `call'
  actionpack (3.2.18) lib/action_dispatch/middleware/cookies.rb:341:in `call'
  activerecord (3.2.18) lib/active_record/query_cache.rb:64:in `call'
  activerecord (3.2.18) lib/active_record/connection_adapters/abstract/connection_pool.rb:479:in `call'
  actionpack (3.2.18) lib/action_dispatch/middleware/callbacks.rb:28:in `block in call'
  activesupport (3.2.18) lib/active_support/callbacks.rb:405:in `_run__938606670__call__20487964__callbacks'
  activesupport (3.2.18) lib/active_support/callbacks.rb:405:in `__run_callback'
  activesupport (3.2.18) lib/active_support/callbacks.rb:385:in `_run_call_callbacks'
  activesupport (3.2.18) lib/active_support/callbacks.rb:81:in `run_callbacks'
  actionpack (3.2.18) lib/action_dispatch/middleware/callbacks.rb:27:in `call'
  actionpack (3.2.18) lib/action_dispatch/middleware/reloader.rb:65:in `call'
  actionpack (3.2.18) lib/action_dispatch/middleware/remote_ip.rb:31:in `call'
  actionpack (3.2.18) lib/action_dispatch/middleware/debug_exceptions.rb:16:in `call'
  actionpack (3.2.18) lib/action_dispatch/middleware/show_exceptions.rb:56:in `call'
  railties (3.2.18) lib/rails/rack/logger.rb:32:in `call_app'
  railties (3.2.18) lib/rails/rack/logger.rb:16:in `block in call'
  activesupport (3.2.18) lib/active_support/tagged_logging.rb:22:in `tagged'
  railties (3.2.18) lib/rails/rack/logger.rb:16:in `call'
  actionpack (3.2.18) lib/action_dispatch/middleware/request_id.rb:22:in `call'
  rack (1.4.5) lib/rack/methodoverride.rb:21:in `call'
  rack (1.4.5) lib/rack/runtime.rb:17:in `call'
  activesupport (3.2.18) lib/active_support/cache/strategy/local_cache.rb:72:in `call'
  rack (1.4.5) lib/rack/lock.rb:15:in `call'
  actionpack (3.2.18) lib/action_dispatch/middleware/static.rb:63:in `call'
  railties (3.2.18) lib/rails/engine.rb:484:in `call'
  railties (3.2.18) lib/rails/application.rb:231:in `call'
  rack (1.4.5) lib/rack/content_length.rb:14:in `call'
  railties (3.2.18) lib/rails/rack/log_tailer.rb:17:in `call'
  rack (1.4.5) lib/rack/handler/webrick.rb:59:in `service'
  /home/saasbook/.rvm/rubies/ruby-1.9.3-p448/lib/ruby/1.9.1/webrick/httpserver.rb:138:in `service'
  /home/saasbook/.rvm/rubies/ruby-1.9.3-p448/lib/ruby/1.9.1/webrick/httpserver.rb:94:in `run'
  /home/saasbook/.rvm/rubies/ruby-1.9.3-p448/lib/ruby/1.9.1/webrick/server.rb:191:in `block in start_thread'


  Rendered /home/saasbook/.rvm/gems/ruby-1.9.3-p448/gems/actionpack-3.2.18/lib/action_dispatch/middleware/templates/rescues/_trace.erb (1.4ms)
  Rendered /home/saasbook/.rvm/gems/ruby-1.9.3-p448/gems/actionpack-3.2.18/lib/action_dispatch/middleware/templates/rescues/_request_and_response.erb (0.8ms)
  Rendered /home/saasbook/.rvm/gems/ruby-1.9.3-p448/gems/actionpack-3.2.18/lib/action_dispatch/middleware/templates/rescues/diagnostics.erb within rescues/layout (16.5ms)


Started GET "/movies" for 127.0.0.1 at 2014-11-23 09:17:07 -0400
Processing by MoviesController#index as HTML
  [1m[35mMovie Load (0.1ms)[0m  SELECT "movies".* FROM "movies" 
  Rendered movies/index.html.haml within layouts/application (4.7ms)
Completed 200 OK in 23.4ms (Views: 8.2ms | ActiveRecord: 0.5ms)


Started GET "/assets/application.css?body=1" for 127.0.0.1 at 2014-11-23 09:17:07 -0400
Served asset /application.css - 304 Not Modified (0ms)


Started GET "/assets/jquery.js?body=1" for 127.0.0.1 at 2014-11-23 09:17:07 -0400
Served asset /jquery.js - 304 Not Modified (0ms)


Started GET "/assets/application.js?body=1" for 127.0.0.1 at 2014-11-23 09:17:07 -0400
Served asset /application.js - 304 Not Modified (2ms)


Started GET "/assets/jquery_ujs.js?body=1" for 127.0.0.1 at 2014-11-23 09:17:07 -0400
Served asset /jquery_ujs.js - 304 Not Modified (0ms)


Started GET "/movies?sort=title" for 127.0.0.1 at 2014-11-23 09:17:09 -0400
Processing by MoviesController#index as HTML
  Parameters: {"sort"=>"title"}
  [1m[36mMovie Load (0.2ms)[0m  [1mSELECT "movies".* FROM "movies" [0m
  Rendered movies/index.html.haml within layouts/application (4.4ms)
Completed 200 OK in 11.1ms (Views: 8.0ms | ActiveRecord: 0.2ms)


Started GET "/assets/application.css?body=1" for 127.0.0.1 at 2014-11-23 09:17:09 -0400
Served asset /application.css - 304 Not Modified (0ms)


Started GET "/assets/jquery.js?body=1" for 127.0.0.1 at 2014-11-23 09:17:09 -0400
Served asset /jquery.js - 304 Not Modified (5ms)


Started GET "/assets/jquery_ujs.js?body=1" for 127.0.0.1 at 2014-11-23 09:17:09 -0400
Served asset /jquery_ujs.js - 304 Not Modified (0ms)


Started GET "/assets/application.js?body=1" for 127.0.0.1 at 2014-11-23 09:17:09 -0400
Served asset /application.js - 304 Not Modified (4ms)


Started GET "/movies?sort=title" for 127.0.0.1 at 2014-11-23 09:17:10 -0400
Processing by MoviesController#index as HTML
  Parameters: {"sort"=>"title"}
  [1m[35mMovie Load (0.2ms)[0m  SELECT "movies".* FROM "movies" 
  Rendered movies/index.html.haml within layouts/application (2.6ms)
Completed 200 OK in 9.3ms (Views: 6.4ms | ActiveRecord: 0.2ms)


Started GET "/assets/application.css?body=1" for 127.0.0.1 at 2014-11-23 09:17:10 -0400
Served asset /application.css - 304 Not Modified (0ms)


Started GET "/assets/jquery_ujs.js?body=1" for 127.0.0.1 at 2014-11-23 09:17:10 -0400
Served asset /jquery_ujs.js - 304 Not Modified (0ms)


Started GET "/assets/jquery.js?body=1" for 127.0.0.1 at 2014-11-23 09:17:10 -0400
Served asset /jquery.js - 304 Not Modified (0ms)


Started GET "/assets/application.js?body=1" for 127.0.0.1 at 2014-11-23 09:17:10 -0400
Served asset /application.js - 304 Not Modified (0ms)


Started GET "/movies?sort=title" for 127.0.0.1 at 2014-11-23 09:17:11 -0400
Processing by MoviesController#index as HTML
  Parameters: {"sort"=>"title"}
  [1m[36mMovie Load (0.2ms)[0m  [1mSELECT "movies".* FROM "movies" [0m
  Rendered movies/index.html.haml within layouts/application (2.7ms)
Completed 200 OK in 11.4ms (Views: 6.5ms | ActiveRecord: 0.2ms)


Started GET "/assets/application.css?body=1" for 127.0.0.1 at 2014-11-23 09:17:11 -0400
Served asset /application.css - 304 Not Modified (0ms)


Started GET "/assets/application.js?body=1" for 127.0.0.1 at 2014-11-23 09:17:11 -0400
Served asset /application.js - 304 Not Modified (1ms)


Started GET "/assets/jquery_ujs.js?body=1" for 127.0.0.1 at 2014-11-23 09:17:11 -0400
Served asset /jquery_ujs.js - 304 Not Modified (0ms)


Started GET "/assets/jquery.js?body=1" for 127.0.0.1 at 2014-11-23 09:17:11 -0400
Served asset /jquery.js - 304 Not Modified (0ms)


Started GET "/movies?sort=release_date" for 127.0.0.1 at 2014-11-23 09:17:13 -0400
Processing by MoviesController#index as HTML
  Parameters: {"sort"=>"release_date"}
  [1m[35mMovie Load (0.2ms)[0m  SELECT "movies".* FROM "movies" 
  Rendered movies/index.html.haml within layouts/application (2.6ms)
Completed 200 OK in 11.9ms (Views: 10.5ms | ActiveRecord: 0.2ms)


Started GET "/assets/application.css?body=1" for 127.0.0.1 at 2014-11-23 09:17:13 -0400
Served asset /application.css - 304 Not Modified (0ms)


Started GET "/assets/jquery.js?body=1" for 127.0.0.1 at 2014-11-23 09:17:13 -0400
Served asset /jquery.js - 304 Not Modified (0ms)


Started GET "/assets/application.js?body=1" for 127.0.0.1 at 2014-11-23 09:17:13 -0400
Served asset /application.js - 304 Not Modified (0ms)


Started GET "/assets/jquery_ujs.js?body=1" for 127.0.0.1 at 2014-11-23 09:17:13 -0400
Served asset /jquery_ujs.js - 304 Not Modified (0ms)
Connecting to database specified by database.yml


Started GET "/movies?sort=release_date" for 127.0.0.1 at 2014-11-23 09:47:05 -0400
Processing by MoviesController#index as HTML
  Parameters: {"sort"=>"release_date"}
  [1m[36mMovie Load (0.2ms)[0m  [1mSELECT "movies".* FROM "movies" ORDER BY title[0m
  Rendered movies/index.html.haml within layouts/application (9.1ms)
Completed 200 OK in 14.3ms (Views: 13.3ms | ActiveRecord: 0.5ms)


Started GET "/assets/application.css?body=1" for 127.0.0.1 at 2014-11-23 09:47:05 -0400
Served asset /application.css - 304 Not Modified (0ms)


Started GET "/assets/jquery.js?body=1" for 127.0.0.1 at 2014-11-23 09:47:05 -0400
Served asset /jquery.js - 304 Not Modified (0ms)


Started GET "/assets/jquery_ujs.js?body=1" for 127.0.0.1 at 2014-11-23 09:47:05 -0400
Served asset /jquery_ujs.js - 304 Not Modified (0ms)


Started GET "/assets/application.js?body=1" for 127.0.0.1 at 2014-11-23 09:47:05 -0400
Served asset /application.js - 304 Not Modified (0ms)


Started GET "/movies?sort=title" for 127.0.0.1 at 2014-11-23 09:47:07 -0400
Processing by MoviesController#index as HTML
  Parameters: {"sort"=>"title"}
  [1m[35mMovie Load (0.2ms)[0m  SELECT "movies".* FROM "movies" ORDER BY title
  Rendered movies/index.html.haml within layouts/application (6.3ms)
Completed 200 OK in 13.0ms (Views: 12.5ms | ActiveRecord: 0.2ms)


Started GET "/assets/application.css?body=1" for 127.0.0.1 at 2014-11-23 09:47:07 -0400
Served asset /application.css - 304 Not Modified (0ms)


Started GET "/assets/application.js?body=1" for 127.0.0.1 at 2014-11-23 09:47:07 -0400
Served asset /application.js - 304 Not Modified (1ms)


Started GET "/assets/jquery_ujs.js?body=1" for 127.0.0.1 at 2014-11-23 09:47:07 -0400
Served asset /jquery_ujs.js - 304 Not Modified (0ms)


Started GET "/assets/jquery.js?body=1" for 127.0.0.1 at 2014-11-23 09:47:07 -0400
Served asset /jquery.js - 304 Not Modified (0ms)


Started GET "/movies?sort=title" for 127.0.0.1 at 2014-11-23 09:47:08 -0400
Processing by MoviesController#index as HTML
  Parameters: {"sort"=>"title"}
  [1m[36mMovie Load (0.2ms)[0m  [1mSELECT "movies".* FROM "movies" ORDER BY title[0m
  Rendered movies/index.html.haml within layouts/application (6.1ms)
Completed 200 OK in 9.5ms (Views: 9.1ms | ActiveRecord: 0.2ms)


Started GET "/assets/application.css?body=1" for 127.0.0.1 at 2014-11-23 09:47:09 -0400
Served asset /application.css - 304 Not Modified (0ms)


Started GET "/assets/jquery.js?body=1" for 127.0.0.1 at 2014-11-23 09:47:09 -0400
Served asset /jquery.js - 304 Not Modified (0ms)


Started GET "/assets/application.js?body=1" for 127.0.0.1 at 2014-11-23 09:47:09 -0400
Served asset /application.js - 304 Not Modified (1ms)


Started GET "/assets/jquery_ujs.js?body=1" for 127.0.0.1 at 2014-11-23 09:47:09 -0400
Served asset /jquery_ujs.js - 304 Not Modified (0ms)


Started GET "/movies?sort=title" for 127.0.0.1 at 2014-11-23 09:47:23 -0400
Processing by MoviesController#index as HTML
  Parameters: {"sort"=>"title"}
  [1m[35mMovie Load (0.2ms)[0m  SELECT "movies".* FROM "movies" ORDER BY title
  Rendered movies/index.html.haml within layouts/application (3.6ms)
Completed 200 OK in 7.0ms (Views: 6.6ms | ActiveRecord: 0.2ms)


Started GET "/assets/application.css?body=1" for 127.0.0.1 at 2014-11-23 09:47:23 -0400
Served asset /application.css - 304 Not Modified (0ms)


Started GET "/assets/application.js?body=1" for 127.0.0.1 at 2014-11-23 09:47:23 -0400
Served asset /application.js - 304 Not Modified (0ms)


Started GET "/assets/jquery_ujs.js?body=1" for 127.0.0.1 at 2014-11-23 09:47:23 -0400
Served asset /jquery_ujs.js - 304 Not Modified (0ms)


Started GET "/assets/jquery.js?body=1" for 127.0.0.1 at 2014-11-23 09:47:23 -0400
Served asset /jquery.js - 304 Not Modified (1ms)


Started GET "/movies" for 127.0.0.1 at 2014-11-23 09:47:27 -0400
Processing by MoviesController#index as HTML
  [1m[36mMovie Load (0.0ms)[0m  [1mSELECT "movies".* FROM "movies" ORDER BY title[0m
  Rendered movies/index.html.haml within layouts/application (12.9ms)
Completed 200 OK in 18.6ms (Views: 18.2ms | ActiveRecord: 0.0ms)


Started GET "/assets/application.css?body=1" for 127.0.0.1 at 2014-11-23 09:47:27 -0400
Served asset /application.css - 304 Not Modified (0ms)


Started GET "/assets/jquery.js?body=1" for 127.0.0.1 at 2014-11-23 09:47:27 -0400
Served asset /jquery.js - 304 Not Modified (0ms)


Started GET "/assets/application.js?body=1" for 127.0.0.1 at 2014-11-23 09:47:27 -0400
Served asset /application.js - 304 Not Modified (0ms)


Started GET "/assets/jquery_ujs.js?body=1" for 127.0.0.1 at 2014-11-23 09:47:27 -0400
Served asset /jquery_ujs.js - 304 Not Modified (0ms)


Started GET "/movies" for 127.0.0.1 at 2014-11-23 10:00:01 -0400
Processing by MoviesController#index as HTML
  [1m[35mMovie Load (0.1ms)[0m  SELECT "movies".* FROM "movies" 
ERROR: compiling _app_views_movies_index_html_haml__487913460__623407358 RAISED /home/saasbook/Documents/rails-intro/app/views/movies/index.html.haml:8: syntax error, unexpected ';', expecting ')'
));}</th>\n      <th>Rating</th>...
   ^
/home/saasbook/Documents/rails-intro/app/views/movies/index.html.haml:8: unknown regexp options - th
/home/saasbook/Documents/rails-intro/app/views/movies/index.html.haml:8: syntax error, unexpected $undefined
...;}</th>\n      <th>Rating</th>\n      <th id='release_date_h...
...                               ^
/home/saasbook/Documents/rails-intro/app/views/movies/index.html.haml:8: syntax error, unexpected tIDENTIFIER, expecting keyword_do or '{' or '('
...  <th>Rating</th>\n      <th id='release_date_header'>#{_ham...
...                               ^
Function body:           def _app_views_movies_index_html_haml__487913460__623407358(local_assigns, output_buffer)
            _old_virtual_path, @virtual_path = @virtual_path, "movies/index";_old_output_buffer = @output_buffer;;begin;extend Haml::Helpers;_hamlout = @haml_buffer = Haml::Buffer.new(haml_buffer, {:autoclose=>["area", "base", "basefont", "br", "col", "command", "embed", "frame", "hr", "img", "input", "isindex", "keygen", "link", "menuitem", "meta", "param", "source", "track", "wbr"], :preserve=>["textarea", "pre", "code"], :attr_wrapper=>"'", :ugly=>false, :format=>:html5, :encoding=>"UTF-8", :escape_html=>true, :escape_attrs=>true, :hyphenate_data_attrs=>true, :cdata=>false});_erbout = _hamlout.buffer;@output_buffer = output_buffer ||= ActionView::OutputBuffer.new rescue nil;;_hamlout.push_text("<h1>All Movies</h1>\n<table id='movies'>\n  <thead>\n    <tr>\n      <th id='title_header'>#{_hamlout.adjust_tabs(4); 





_hamlout.format_script_false_true_false_true_false_true_false((link_to( 'Movie Title', movie_path(:sort => 'title')
));}</th>\n      <th>Rating</th>\n      <th id='release_date_header'>#{_hamlout.adjust_tabs(1); 
_hamlout.format_script_false_true_false_true_false_true_false((link_to( 'Release Date', :sort => 'release_date')
));}</th>\n      <th>More Info</th>\n    </tr>\n  </thead>\n  <tbody>\n", -1, false);

 @movies.each do |movie|
_hamlout.push_text("    <tr>\n      <td>#{_hamlout.adjust_tabs(2); 
_hamlout.format_script_false_true_false_true_false_true_false((movie.title
));}</td>\n      <td>#{_hamlout.adjust_tabs(1); _hamlout.format_script_false_true_false_true_false_true_false((movie.rating
));}</td>\n      <td>#{_hamlout.adjust_tabs(1); _hamlout.format_script_false_true_false_true_false_true_false((movie.release_date
));}</td>\n      <td>#{_hamlout.adjust_tabs(1); _hamlout.format_script_false_true_false_true_false_true_false((link_to "More about #{movie.title}", movie_path(movie)
));}</td>\n    </tr>\n", -1, false);end;_hamlout.push_text("  </tbody>\n</table>\n#{_hamlout.adjust_tabs(-2); 
_hamlout.format_script_false_false_false_true_false_true_false(( link_to 'Add new movie', new_movie_path
));}\n", 0, false);::Haml::Util.html_safe(_erbout);ensure;@haml_buffer = @haml_buffer.upper if @haml_buffer;end;
          ensure
            @virtual_path, @output_buffer = _old_virtual_path, _old_output_buffer
          end

Backtrace: /home/saasbook/.rvm/gems/ruby-1.9.3-p448/gems/actionpack-3.2.18/lib/action_view/template.rb:297:in `module_eval'
/home/saasbook/.rvm/gems/ruby-1.9.3-p448/gems/actionpack-3.2.18/lib/action_view/template.rb:297:in `compile'
/home/saasbook/.rvm/gems/ruby-1.9.3-p448/gems/actionpack-3.2.18/lib/action_view/template.rb:244:in `block in compile!'
<internal:prelude>:10:in `synchronize'
/home/saasbook/.rvm/gems/ruby-1.9.3-p448/gems/actionpack-3.2.18/lib/action_view/template.rb:232:in `compile!'
/home/saasbook/.rvm/gems/ruby-1.9.3-p448/gems/actionpack-3.2.18/lib/action_view/template.rb:144:in `block in render'
/home/saasbook/.rvm/gems/ruby-1.9.3-p448/gems/activesupport-3.2.18/lib/active_support/notifications.rb:125:in `instrument'
/home/saasbook/.rvm/gems/ruby-1.9.3-p448/gems/actionpack-3.2.18/lib/action_view/template.rb:143:in `render'
/home/saasbook/.rvm/gems/ruby-1.9.3-p448/gems/actionpack-3.2.18/lib/action_view/renderer/template_renderer.rb:47:in `block (2 levels) in render_template'
/home/saasbook/.rvm/gems/ruby-1.9.3-p448/gems/actionpack-3.2.18/lib/action_view/renderer/abstract_renderer.rb:38:in `block in instrument'
/home/saasbook/.rvm/gems/ruby-1.9.3-p448/gems/activesupport-3.2.18/lib/active_support/notifications.rb:123:in `block in instrument'
/home/saasbook/.rvm/gems/ruby-1.9.3-p448/gems/activesupport-3.2.18/lib/active_support/notifications/instrumenter.rb:20:in `instrument'
/home/saasbook/.rvm/gems/ruby-1.9.3-p448/gems/activesupport-3.2.18/lib/active_support/notifications.rb:123:in `instrument'
/home/saasbook/.rvm/gems/ruby-1.9.3-p448/gems/actionpack-3.2.18/lib/action_view/renderer/abstract_renderer.rb:38:in `instrument'
/home/saasbook/.rvm/gems/ruby-1.9.3-p448/gems/actionpack-3.2.18/lib/action_view/renderer/template_renderer.rb:46:in `block in render_template'
/home/saasbook/.rvm/gems/ruby-1.9.3-p448/gems/actionpack-3.2.18/lib/action_view/renderer/template_renderer.rb:54:in `render_with_layout'
/home/saasbook/.rvm/gems/ruby-1.9.3-p448/gems/actionpack-3.2.18/lib/action_view/renderer/template_renderer.rb:45:in `render_template'
/home/saasbook/.rvm/gems/ruby-1.9.3-p448/gems/actionpack-3.2.18/lib/action_view/renderer/template_renderer.rb:18:in `render'
/home/saasbook/.rvm/gems/ruby-1.9.3-p448/gems/actionpack-3.2.18/lib/action_view/renderer/renderer.rb:36:in `render_template'
/home/saasbook/.rvm/gems/ruby-1.9.3-p448/gems/actionpack-3.2.18/lib/action_view/renderer/renderer.rb:17:in `render'
/home/saasbook/.rvm/gems/ruby-1.9.3-p448/gems/actionpack-3.2.18/lib/abstract_controller/rendering.rb:110:in `_render_template'
/home/saasbook/.rvm/gems/ruby-1.9.3-p448/gems/actionpack-3.2.18/lib/action_controller/metal/streaming.rb:225:in `_render_template'
/home/saasbook/.rvm/gems/ruby-1.9.3-p448/gems/actionpack-3.2.18/lib/abstract_controller/rendering.rb:103:in `render_to_body'
/home/saasbook/.rvm/gems/ruby-1.9.3-p448/gems/actionpack-3.2.18/lib/action_controller/metal/renderers.rb:28:in `render_to_body'
/home/saasbook/.rvm/gems/ruby-1.9.3-p448/gems/actionpack-3.2.18/lib/action_controller/metal/compatibility.rb:50:in `render_to_body'
/home/saasbook/.rvm/gems/ruby-1.9.3-p448/gems/actionpack-3.2.18/lib/abstract_controller/rendering.rb:88:in `render'
/home/saasbook/.rvm/gems/ruby-1.9.3-p448/gems/actionpack-3.2.18/lib/action_controller/metal/rendering.rb:16:in `render'
/home/saasbook/.rvm/gems/ruby-1.9.3-p448/gems/actionpack-3.2.18/lib/action_controller/metal/instrumentation.rb:40:in `block (2 levels) in render'
/home/saasbook/.rvm/gems/ruby-1.9.3-p448/gems/activesupport-3.2.18/lib/active_support/core_ext/benchmark.rb:5:in `block in ms'
/home/saasbook/.rvm/rubies/ruby-1.9.3-p448/lib/ruby/1.9.1/benchmark.rb:295:in `realtime'
/home/saasbook/.rvm/gems/ruby-1.9.3-p448/gems/activesupport-3.2.18/lib/active_support/core_ext/benchmark.rb:5:in `ms'
/home/saasbook/.rvm/gems/ruby-1.9.3-p448/gems/actionpack-3.2.18/lib/action_controller/metal/instrumentation.rb:40:in `block in render'
/home/saasbook/.rvm/gems/ruby-1.9.3-p448/gems/actionpack-3.2.18/lib/action_controller/metal/instrumentation.rb:83:in `cleanup_view_runtime'
/home/saasbook/.rvm/gems/ruby-1.9.3-p448/gems/activerecord-3.2.18/lib/active_record/railties/controller_runtime.rb:24:in `cleanup_view_runtime'
/home/saasbook/.rvm/gems/ruby-1.9.3-p448/gems/actionpack-3.2.18/lib/action_controller/metal/instrumentation.rb:39:in `render'
/home/saasbook/.rvm/gems/ruby-1.9.3-p448/gems/actionpack-3.2.18/lib/action_controller/metal/implicit_render.rb:10:in `default_render'
/home/saasbook/.rvm/gems/ruby-1.9.3-p448/gems/actionpack-3.2.18/lib/action_controller/metal/implicit_render.rb:5:in `send_action'
/home/saasbook/.rvm/gems/ruby-1.9.3-p448/gems/actionpack-3.2.18/lib/abstract_controller/base.rb:167:in `process_action'
/home/saasbook/.rvm/gems/ruby-1.9.3-p448/gems/actionpack-3.2.18/lib/action_controller/metal/rendering.rb:10:in `process_action'
/home/saasbook/.rvm/gems/ruby-1.9.3-p448/gems/actionpack-3.2.18/lib/abstract_controller/callbacks.rb:18:in `block in process_action'
/home/saasbook/.rvm/gems/ruby-1.9.3-p448/gems/activesupport-3.2.18/lib/active_support/callbacks.rb:414:in `_run__1977633__process_action__886063464__callbacks'
/home/saasbook/.rvm/gems/ruby-1.9.3-p448/gems/activesupport-3.2.18/lib/active_support/callbacks.rb:405:in `__run_callback'
/home/saasbook/.rvm/gems/ruby-1.9.3-p448/gems/activesupport-3.2.18/lib/active_support/callbacks.rb:385:in `_run_process_action_callbacks'
/home/saasbook/.rvm/gems/ruby-1.9.3-p448/gems/activesupport-3.2.18/lib/active_support/callbacks.rb:81:in `run_callbacks'
/home/saasbook/.rvm/gems/ruby-1.9.3-p448/gems/actionpack-3.2.18/lib/abstract_controller/callbacks.rb:17:in `process_action'
/home/saasbook/.rvm/gems/ruby-1.9.3-p448/gems/actionpack-3.2.18/lib/action_controller/metal/rescue.rb:29:in `process_action'
/home/saasbook/.rvm/gems/ruby-1.9.3-p448/gems/actionpack-3.2.18/lib/action_controller/metal/instrumentation.rb:30:in `block in process_action'
/home/saasbook/.rvm/gems/ruby-1.9.3-p448/gems/activesupport-3.2.18/lib/active_support/notifications.rb:123:in `block in instrument'
/home/saasbook/.rvm/gems/ruby-1.9.3-p448/gems/activesupport-3.2.18/lib/active_support/notifications/instrumenter.rb:20:in `instrument'
/home/saasbook/.rvm/gems/ruby-1.9.3-p448/gems/activesupport-3.2.18/lib/active_support/notifications.rb:123:in `instrument'
/home/saasbook/.rvm/gems/ruby-1.9.3-p448/gems/actionpack-3.2.18/lib/action_controller/metal/instrumentation.rb:29:in `process_action'
/home/saasbook/.rvm/gems/ruby-1.9.3-p448/gems/actionpack-3.2.18/lib/action_controller/metal/params_wrapper.rb:207:in `process_action'
/home/saasbook/.rvm/gems/ruby-1.9.3-p448/gems/activerecord-3.2.18/lib/active_record/railties/controller_runtime.rb:18:in `process_action'
/home/saasbook/.rvm/gems/ruby-1.9.3-p448/gems/actionpack-3.2.18/lib/abstract_controller/base.rb:121:in `process'
/home/saasbook/.rvm/gems/ruby-1.9.3-p448/gems/actionpack-3.2.18/lib/abstract_controller/rendering.rb:45:in `process'
/home/saasbook/.rvm/gems/ruby-1.9.3-p448/gems/actionpack-3.2.18/lib/action_controller/metal.rb:203:in `dispatch'
/home/saasbook/.rvm/gems/ruby-1.9.3-p448/gems/actionpack-3.2.18/lib/action_controller/metal/rack_delegation.rb:14:in `dispatch'
/home/saasbook/.rvm/gems/ruby-1.9.3-p448/gems/actionpack-3.2.18/lib/action_controller/metal.rb:246:in `block in action'
/home/saasbook/.rvm/gems/ruby-1.9.3-p448/gems/actionpack-3.2.18/lib/action_dispatch/routing/route_set.rb:73:in `call'
/home/saasbook/.rvm/gems/ruby-1.9.3-p448/gems/actionpack-3.2.18/lib/action_dispatch/routing/route_set.rb:73:in `dispatch'
/home/saasbook/.rvm/gems/ruby-1.9.3-p448/gems/actionpack-3.2.18/lib/action_dispatch/routing/route_set.rb:36:in `call'
/home/saasbook/.rvm/gems/ruby-1.9.3-p448/gems/journey-1.0.4/lib/journey/router.rb:68:in `block in call'
/home/saasbook/.rvm/gems/ruby-1.9.3-p448/gems/journey-1.0.4/lib/journey/router.rb:56:in `each'
/home/saasbook/.rvm/gems/ruby-1.9.3-p448/gems/journey-1.0.4/lib/journey/router.rb:56:in `call'
/home/saasbook/.rvm/gems/ruby-1.9.3-p448/gems/actionpack-3.2.18/lib/action_dispatch/routing/route_set.rb:608:in `call'
/home/saasbook/.rvm/gems/ruby-1.9.3-p448/gems/actionpack-3.2.18/lib/action_dispatch/middleware/best_standards_support.rb:17:in `call'
/home/saasbook/.rvm/gems/ruby-1.9.3-p448/gems/rack-1.4.5/lib/rack/etag.rb:23:in `call'
/home/saasbook/.rvm/gems/ruby-1.9.3-p448/gems/rack-1.4.5/lib/rack/conditionalget.rb:25:in `call'
/home/saasbook/.rvm/gems/ruby-1.9.3-p448/gems/actionpack-3.2.18/lib/action_dispatch/middleware/head.rb:14:in `call'
/home/saasbook/.rvm/gems/ruby-1.9.3-p448/gems/actionpack-3.2.18/lib/action_dispatch/middleware/params_parser.rb:21:in `call'
/home/saasbook/.rvm/gems/ruby-1.9.3-p448/gems/actionpack-3.2.18/lib/action_dispatch/middleware/flash.rb:242:in `call'
/home/saasbook/.rvm/gems/ruby-1.9.3-p448/gems/rack-1.4.5/lib/rack/session/abstract/id.rb:210:in `context'
/home/saasbook/.rvm/gems/ruby-1.9.3-p448/gems/rack-1.4.5/lib/rack/session/abstract/id.rb:205:in `call'
/home/saasbook/.rvm/gems/ruby-1.9.3-p448/gems/actionpack-3.2.18/lib/action_dispatch/middleware/cookies.rb:341:in `call'
/home/saasbook/.rvm/gems/ruby-1.9.3-p448/gems/activerecord-3.2.18/lib/active_record/query_cache.rb:64:in `call'
/home/saasbook/.rvm/gems/ruby-1.9.3-p448/gems/activerecord-3.2.18/lib/active_record/connection_adapters/abstract/connection_pool.rb:479:in `call'
/home/saasbook/.rvm/gems/ruby-1.9.3-p448/gems/actionpack-3.2.18/lib/action_dispatch/middleware/callbacks.rb:28:in `block in call'
/home/saasbook/.rvm/gems/ruby-1.9.3-p448/gems/activesupport-3.2.18/lib/active_support/callbacks.rb:405:in `_run__938606670__call__20487964__callbacks'
/home/saasbook/.rvm/gems/ruby-1.9.3-p448/gems/activesupport-3.2.18/lib/active_support/callbacks.rb:405:in `__run_callback'
/home/saasbook/.rvm/gems/ruby-1.9.3-p448/gems/activesupport-3.2.18/lib/active_support/callbacks.rb:385:in `_run_call_callbacks'
/home/saasbook/.rvm/gems/ruby-1.9.3-p448/gems/activesupport-3.2.18/lib/active_support/callbacks.rb:81:in `run_callbacks'
/home/saasbook/.rvm/gems/ruby-1.9.3-p448/gems/actionpack-3.2.18/lib/action_dispatch/middleware/callbacks.rb:27:in `call'
/home/saasbook/.rvm/gems/ruby-1.9.3-p448/gems/actionpack-3.2.18/lib/action_dispatch/middleware/reloader.rb:65:in `call'
/home/saasbook/.rvm/gems/ruby-1.9.3-p448/gems/actionpack-3.2.18/lib/action_dispatch/middleware/remote_ip.rb:31:in `call'
/home/saasbook/.rvm/gems/ruby-1.9.3-p448/gems/actionpack-3.2.18/lib/action_dispatch/middleware/debug_exceptions.rb:16:in `call'
/home/saasbook/.rvm/gems/ruby-1.9.3-p448/gems/actionpack-3.2.18/lib/action_dispatch/middleware/show_exceptions.rb:56:in `call'
/home/saasbook/.rvm/gems/ruby-1.9.3-p448/gems/railties-3.2.18/lib/rails/rack/logger.rb:32:in `call_app'
/home/saasbook/.rvm/gems/ruby-1.9.3-p448/gems/railties-3.2.18/lib/rails/rack/logger.rb:16:in `block in call'
/home/saasbook/.rvm/gems/ruby-1.9.3-p448/gems/activesupport-3.2.18/lib/active_support/tagged_logging.rb:22:in `tagged'
/home/saasbook/.rvm/gems/ruby-1.9.3-p448/gems/railties-3.2.18/lib/rails/rack/logger.rb:16:in `call'
/home/saasbook/.rvm/gems/ruby-1.9.3-p448/gems/actionpack-3.2.18/lib/action_dispatch/middleware/request_id.rb:22:in `call'
/home/saasbook/.rvm/gems/ruby-1.9.3-p448/gems/rack-1.4.5/lib/rack/methodoverride.rb:21:in `call'
/home/saasbook/.rvm/gems/ruby-1.9.3-p448/gems/rack-1.4.5/lib/rack/runtime.rb:17:in `call'
/home/saasbook/.rvm/gems/ruby-1.9.3-p448/gems/activesupport-3.2.18/lib/active_support/cache/strategy/local_cache.rb:72:in `call'
/home/saasbook/.rvm/gems/ruby-1.9.3-p448/gems/rack-1.4.5/lib/rack/lock.rb:15:in `call'
/home/saasbook/.rvm/gems/ruby-1.9.3-p448/gems/actionpack-3.2.18/lib/action_dispatch/middleware/static.rb:63:in `call'
/home/saasbook/.rvm/gems/ruby-1.9.3-p448/gems/railties-3.2.18/lib/rails/engine.rb:484:in `call'
/home/saasbook/.rvm/gems/ruby-1.9.3-p448/gems/railties-3.2.18/lib/rails/application.rb:231:in `call'
/home/saasbook/.rvm/gems/ruby-1.9.3-p448/gems/rack-1.4.5/lib/rack/content_length.rb:14:in `call'
/home/saasbook/.rvm/gems/ruby-1.9.3-p448/gems/railties-3.2.18/lib/rails/rack/log_tailer.rb:17:in `call'
/home/saasbook/.rvm/gems/ruby-1.9.3-p448/gems/rack-1.4.5/lib/rack/handler/webrick.rb:59:in `service'
/home/saasbook/.rvm/rubies/ruby-1.9.3-p448/lib/ruby/1.9.1/webrick/httpserver.rb:138:in `service'
/home/saasbook/.rvm/rubies/ruby-1.9.3-p448/lib/ruby/1.9.1/webrick/httpserver.rb:94:in `run'
/home/saasbook/.rvm/rubies/ruby-1.9.3-p448/lib/ruby/1.9.1/webrick/server.rb:191:in `block in start_thread'
  Rendered movies/index.html.haml within layouts/application (37.8ms)
Completed 500 Internal Server Error in 45.4ms

ActionView::Template::Error (/home/saasbook/Documents/rails-intro/app/views/movies/index.html.haml:8: syntax error, unexpected ';', expecting ')'
));}</th>\n      <th>Rating</th>...
   ^
/home/saasbook/Documents/rails-intro/app/views/movies/index.html.haml:8: unknown regexp options - th
/home/saasbook/Documents/rails-intro/app/views/movies/index.html.haml:8: syntax error, unexpected $undefined
...;}</th>\n      <th>Rating</th>\n      <th id='release_date_h...
...                               ^
/home/saasbook/Documents/rails-intro/app/views/movies/index.html.haml:8: syntax error, unexpected tIDENTIFIER, expecting keyword_do or '{' or '('
...  <th>Rating</th>\n      <th id='release_date_header'>#{_ham...
...                               ^):
    5:   %thead
    6:     %tr
    7:       %th#title_header= link_to( 'Movie Title', movie_path(:sort => 'title')
    8:       %th Rating
    9:       %th#release_date_header= link_to( 'Release Date', :sort => 'release_date')
    10:       %th More Info
    11:   %tbody
  actionpack (3.2.18) lib/action_view/template.rb:297:in `module_eval'
  actionpack (3.2.18) lib/action_view/template.rb:297:in `compile'
  actionpack (3.2.18) lib/action_view/template.rb:244:in `block in compile!'
  <internal:prelude>:10:in `synchronize'
  actionpack (3.2.18) lib/action_view/template.rb:232:in `compile!'
  actionpack (3.2.18) lib/action_view/template.rb:144:in `block in render'
  activesupport (3.2.18) lib/active_support/notifications.rb:125:in `instrument'
  actionpack (3.2.18) lib/action_view/template.rb:143:in `render'
  actionpack (3.2.18) lib/action_view/renderer/template_renderer.rb:47:in `block (2 levels) in render_template'
  actionpack (3.2.18) lib/action_view/renderer/abstract_renderer.rb:38:in `block in instrument'
  activesupport (3.2.18) lib/active_support/notifications.rb:123:in `block in instrument'
  activesupport (3.2.18) lib/active_support/notifications/instrumenter.rb:20:in `instrument'
  activesupport (3.2.18) lib/active_support/notifications.rb:123:in `instrument'
  actionpack (3.2.18) lib/action_view/renderer/abstract_renderer.rb:38:in `instrument'
  actionpack (3.2.18) lib/action_view/renderer/template_renderer.rb:46:in `block in render_template'
  actionpack (3.2.18) lib/action_view/renderer/template_renderer.rb:54:in `render_with_layout'
  actionpack (3.2.18) lib/action_view/renderer/template_renderer.rb:45:in `render_template'
  actionpack (3.2.18) lib/action_view/renderer/template_renderer.rb:18:in `render'
  actionpack (3.2.18) lib/action_view/renderer/renderer.rb:36:in `render_template'
  actionpack (3.2.18) lib/action_view/renderer/renderer.rb:17:in `render'
  actionpack (3.2.18) lib/abstract_controller/rendering.rb:110:in `_render_template'
  actionpack (3.2.18) lib/action_controller/metal/streaming.rb:225:in `_render_template'
  actionpack (3.2.18) lib/abstract_controller/rendering.rb:103:in `render_to_body'
  actionpack (3.2.18) lib/action_controller/metal/renderers.rb:28:in `render_to_body'
  actionpack (3.2.18) lib/action_controller/metal/compatibility.rb:50:in `render_to_body'
  actionpack (3.2.18) lib/abstract_controller/rendering.rb:88:in `render'
  actionpack (3.2.18) lib/action_controller/metal/rendering.rb:16:in `render'
  actionpack (3.2.18) lib/action_controller/metal/instrumentation.rb:40:in `block (2 levels) in render'
  activesupport (3.2.18) lib/active_support/core_ext/benchmark.rb:5:in `block in ms'
  /home/saasbook/.rvm/rubies/ruby-1.9.3-p448/lib/ruby/1.9.1/benchmark.rb:295:in `realtime'
  activesupport (3.2.18) lib/active_support/core_ext/benchmark.rb:5:in `ms'
  actionpack (3.2.18) lib/action_controller/metal/instrumentation.rb:40:in `block in render'
  actionpack (3.2.18) lib/action_controller/metal/instrumentation.rb:83:in `cleanup_view_runtime'
  activerecord (3.2.18) lib/active_record/railties/controller_runtime.rb:24:in `cleanup_view_runtime'
  actionpack (3.2.18) lib/action_controller/metal/instrumentation.rb:39:in `render'
  actionpack (3.2.18) lib/action_controller/metal/implicit_render.rb:10:in `default_render'
  actionpack (3.2.18) lib/action_controller/metal/implicit_render.rb:5:in `send_action'
  actionpack (3.2.18) lib/abstract_controller/base.rb:167:in `process_action'
  actionpack (3.2.18) lib/action_controller/metal/rendering.rb:10:in `process_action'
  actionpack (3.2.18) lib/abstract_controller/callbacks.rb:18:in `block in process_action'
  activesupport (3.2.18) lib/active_support/callbacks.rb:414:in `_run__1977633__process_action__886063464__callbacks'
  activesupport (3.2.18) lib/active_support/callbacks.rb:405:in `__run_callback'
  activesupport (3.2.18) lib/active_support/callbacks.rb:385:in `_run_process_action_callbacks'
  activesupport (3.2.18) lib/active_support/callbacks.rb:81:in `run_callbacks'
  actionpack (3.2.18) lib/abstract_controller/callbacks.rb:17:in `process_action'
  actionpack (3.2.18) lib/action_controller/metal/rescue.rb:29:in `process_action'
  actionpack (3.2.18) lib/action_controller/metal/instrumentation.rb:30:in `block in process_action'
  activesupport (3.2.18) lib/active_support/notifications.rb:123:in `block in instrument'
  activesupport (3.2.18) lib/active_support/notifications/instrumenter.rb:20:in `instrument'
  activesupport (3.2.18) lib/active_support/notifications.rb:123:in `instrument'
  actionpack (3.2.18) lib/action_controller/metal/instrumentation.rb:29:in `process_action'
  actionpack (3.2.18) lib/action_controller/metal/params_wrapper.rb:207:in `process_action'
  activerecord (3.2.18) lib/active_record/railties/controller_runtime.rb:18:in `process_action'
  actionpack (3.2.18) lib/abstract_controller/base.rb:121:in `process'
  actionpack (3.2.18) lib/abstract_controller/rendering.rb:45:in `process'
  actionpack (3.2.18) lib/action_controller/metal.rb:203:in `dispatch'
  actionpack (3.2.18) lib/action_controller/metal/rack_delegation.rb:14:in `dispatch'
  actionpack (3.2.18) lib/action_controller/metal.rb:246:in `block in action'
  actionpack (3.2.18) lib/action_dispatch/routing/route_set.rb:73:in `call'
  actionpack (3.2.18) lib/action_dispatch/routing/route_set.rb:73:in `dispatch'
  actionpack (3.2.18) lib/action_dispatch/routing/route_set.rb:36:in `call'
  journey (1.0.4) lib/journey/router.rb:68:in `block in call'
  journey (1.0.4) lib/journey/router.rb:56:in `each'
  journey (1.0.4) lib/journey/router.rb:56:in `call'
  actionpack (3.2.18) lib/action_dispatch/routing/route_set.rb:608:in `call'
  actionpack (3.2.18) lib/action_dispatch/middleware/best_standards_support.rb:17:in `call'
  rack (1.4.5) lib/rack/etag.rb:23:in `call'
  rack (1.4.5) lib/rack/conditionalget.rb:25:in `call'
  actionpack (3.2.18) lib/action_dispatch/middleware/head.rb:14:in `call'
  actionpack (3.2.18) lib/action_dispatch/middleware/params_parser.rb:21:in `call'
  actionpack (3.2.18) lib/action_dispatch/middleware/flash.rb:242:in `call'
  rack (1.4.5) lib/rack/session/abstract/id.rb:210:in `context'
  rack (1.4.5) lib/rack/session/abstract/id.rb:205:in `call'
  actionpack (3.2.18) lib/action_dispatch/middleware/cookies.rb:341:in `call'
  activerecord (3.2.18) lib/active_record/query_cache.rb:64:in `call'
  activerecord (3.2.18) lib/active_record/connection_adapters/abstract/connection_pool.rb:479:in `call'
  actionpack (3.2.18) lib/action_dispatch/middleware/callbacks.rb:28:in `block in call'
  activesupport (3.2.18) lib/active_support/callbacks.rb:405:in `_run__938606670__call__20487964__callbacks'
  activesupport (3.2.18) lib/active_support/callbacks.rb:405:in `__run_callback'
  activesupport (3.2.18) lib/active_support/callbacks.rb:385:in `_run_call_callbacks'
  activesupport (3.2.18) lib/active_support/callbacks.rb:81:in `run_callbacks'
  actionpack (3.2.18) lib/action_dispatch/middleware/callbacks.rb:27:in `call'
  actionpack (3.2.18) lib/action_dispatch/middleware/reloader.rb:65:in `call'
  actionpack (3.2.18) lib/action_dispatch/middleware/remote_ip.rb:31:in `call'
  actionpack (3.2.18) lib/action_dispatch/middleware/debug_exceptions.rb:16:in `call'
  actionpack (3.2.18) lib/action_dispatch/middleware/show_exceptions.rb:56:in `call'
  railties (3.2.18) lib/rails/rack/logger.rb:32:in `call_app'
  railties (3.2.18) lib/rails/rack/logger.rb:16:in `block in call'
  activesupport (3.2.18) lib/active_support/tagged_logging.rb:22:in `tagged'
  railties (3.2.18) lib/rails/rack/logger.rb:16:in `call'
  actionpack (3.2.18) lib/action_dispatch/middleware/request_id.rb:22:in `call'
  rack (1.4.5) lib/rack/methodoverride.rb:21:in `call'
  rack (1.4.5) lib/rack/runtime.rb:17:in `call'
  activesupport (3.2.18) lib/active_support/cache/strategy/local_cache.rb:72:in `call'
  rack (1.4.5) lib/rack/lock.rb:15:in `call'
  actionpack (3.2.18) lib/action_dispatch/middleware/static.rb:63:in `call'
  railties (3.2.18) lib/rails/engine.rb:484:in `call'
  railties (3.2.18) lib/rails/application.rb:231:in `call'
  rack (1.4.5) lib/rack/content_length.rb:14:in `call'
  railties (3.2.18) lib/rails/rack/log_tailer.rb:17:in `call'
  rack (1.4.5) lib/rack/handler/webrick.rb:59:in `service'
  /home/saasbook/.rvm/rubies/ruby-1.9.3-p448/lib/ruby/1.9.1/webrick/httpserver.rb:138:in `service'
  /home/saasbook/.rvm/rubies/ruby-1.9.3-p448/lib/ruby/1.9.1/webrick/httpserver.rb:94:in `run'
  /home/saasbook/.rvm/rubies/ruby-1.9.3-p448/lib/ruby/1.9.1/webrick/server.rb:191:in `block in start_thread'


  Rendered /home/saasbook/.rvm/gems/ruby-1.9.3-p448/gems/actionpack-3.2.18/lib/action_dispatch/middleware/templates/rescues/_trace.erb (1.4ms)
  Rendered /home/saasbook/.rvm/gems/ruby-1.9.3-p448/gems/actionpack-3.2.18/lib/action_dispatch/middleware/templates/rescues/_request_and_response.erb (0.7ms)
  Rendered /home/saasbook/.rvm/gems/ruby-1.9.3-p448/gems/actionpack-3.2.18/lib/action_dispatch/middleware/templates/rescues/template_error.erb within rescues/layout (8.7ms)


Started GET "/movies" for 127.0.0.1 at 2014-11-23 10:03:50 -0400
Processing by MoviesController#index as HTML
  [1m[36mMovie Load (0.2ms)[0m  [1mSELECT "movies".* FROM "movies" [0m
ERROR: compiling _app_views_movies_index_html_haml__487913460__623846208 RAISED /home/saasbook/Documents/rails-intro/app/views/movies/index.html.haml:8: syntax error, unexpected ';', expecting ')'
));}</th>\n      <th>Rating</th>...
   ^
/home/saasbook/Documents/rails-intro/app/views/movies/index.html.haml:8: unknown regexp options - th
/home/saasbook/Documents/rails-intro/app/views/movies/index.html.haml:8: syntax error, unexpected $undefined
...;}</th>\n      <th>Rating</th>\n      <th id='release_date_h...
...                               ^
/home/saasbook/Documents/rails-intro/app/views/movies/index.html.haml:8: syntax error, unexpected tIDENTIFIER, expecting keyword_do or '{' or '('
...  <th>Rating</th>\n      <th id='release_date_header'>#{_ham...
...                               ^
Function body:           def _app_views_movies_index_html_haml__487913460__623846208(local_assigns, output_buffer)
            _old_virtual_path, @virtual_path = @virtual_path, "movies/index";_old_output_buffer = @output_buffer;;begin;extend Haml::Helpers;_hamlout = @haml_buffer = Haml::Buffer.new(haml_buffer, {:autoclose=>["area", "base", "basefont", "br", "col", "command", "embed", "frame", "hr", "img", "input", "isindex", "keygen", "link", "menuitem", "meta", "param", "source", "track", "wbr"], :preserve=>["textarea", "pre", "code"], :attr_wrapper=>"'", :ugly=>false, :format=>:html5, :encoding=>"UTF-8", :escape_html=>true, :escape_attrs=>true, :hyphenate_data_attrs=>true, :cdata=>false});_erbout = _hamlout.buffer;@output_buffer = output_buffer ||= ActionView::OutputBuffer.new rescue nil;;_hamlout.push_text("<h1>All Movies</h1>\n<table id='movies'>\n  <thead>\n    <tr>\n      <th id='title_header'>#{_hamlout.adjust_tabs(4); 





_hamlout.format_script_false_true_false_true_false_true_false((link_to 'Movie Title', movie_path(:sort => 'title'
));}</th>\n      <th>Rating</th>\n      <th id='release_date_header'>#{_hamlout.adjust_tabs(1); 
_hamlout.format_script_false_true_false_true_false_true_false((link_to 'Release Date', :sort => 'release_date'
));}</th>\n      <th>More Info</th>\n    </tr>\n  </thead>\n  <tbody>\n", -1, false);

 @movies.each do |movie|
_hamlout.push_text("    <tr>\n      <td>#{_hamlout.adjust_tabs(2); 
_hamlout.format_script_false_true_false_true_false_true_false((movie.title
));}</td>\n      <td>#{_hamlout.adjust_tabs(1); _hamlout.format_script_false_true_false_true_false_true_false((movie.rating
));}</td>\n      <td>#{_hamlout.adjust_tabs(1); _hamlout.format_script_false_true_false_true_false_true_false((movie.release_date
));}</td>\n      <td>#{_hamlout.adjust_tabs(1); _hamlout.format_script_false_true_false_true_false_true_false((link_to "More about #{movie.title}", movie_path(movie)
));}</td>\n    </tr>\n", -1, false);end;_hamlout.push_text("  </tbody>\n</table>\n#{_hamlout.adjust_tabs(-2); 
_hamlout.format_script_false_false_false_true_false_true_false(( link_to 'Add new movie', new_movie_path
));}\n", 0, false);::Haml::Util.html_safe(_erbout);ensure;@haml_buffer = @haml_buffer.upper if @haml_buffer;end;
          ensure
            @virtual_path, @output_buffer = _old_virtual_path, _old_output_buffer
          end

Backtrace: /home/saasbook/.rvm/gems/ruby-1.9.3-p448/gems/actionpack-3.2.18/lib/action_view/template.rb:297:in `module_eval'
/home/saasbook/.rvm/gems/ruby-1.9.3-p448/gems/actionpack-3.2.18/lib/action_view/template.rb:297:in `compile'
/home/saasbook/.rvm/gems/ruby-1.9.3-p448/gems/actionpack-3.2.18/lib/action_view/template.rb:244:in `block in compile!'
<internal:prelude>:10:in `synchronize'
/home/saasbook/.rvm/gems/ruby-1.9.3-p448/gems/actionpack-3.2.18/lib/action_view/template.rb:232:in `compile!'
/home/saasbook/.rvm/gems/ruby-1.9.3-p448/gems/actionpack-3.2.18/lib/action_view/template.rb:144:in `block in render'
/home/saasbook/.rvm/gems/ruby-1.9.3-p448/gems/activesupport-3.2.18/lib/active_support/notifications.rb:125:in `instrument'
/home/saasbook/.rvm/gems/ruby-1.9.3-p448/gems/actionpack-3.2.18/lib/action_view/template.rb:143:in `render'
/home/saasbook/.rvm/gems/ruby-1.9.3-p448/gems/actionpack-3.2.18/lib/action_view/renderer/template_renderer.rb:47:in `block (2 levels) in render_template'
/home/saasbook/.rvm/gems/ruby-1.9.3-p448/gems/actionpack-3.2.18/lib/action_view/renderer/abstract_renderer.rb:38:in `block in instrument'
/home/saasbook/.rvm/gems/ruby-1.9.3-p448/gems/activesupport-3.2.18/lib/active_support/notifications.rb:123:in `block in instrument'
/home/saasbook/.rvm/gems/ruby-1.9.3-p448/gems/activesupport-3.2.18/lib/active_support/notifications/instrumenter.rb:20:in `instrument'
/home/saasbook/.rvm/gems/ruby-1.9.3-p448/gems/activesupport-3.2.18/lib/active_support/notifications.rb:123:in `instrument'
/home/saasbook/.rvm/gems/ruby-1.9.3-p448/gems/actionpack-3.2.18/lib/action_view/renderer/abstract_renderer.rb:38:in `instrument'
/home/saasbook/.rvm/gems/ruby-1.9.3-p448/gems/actionpack-3.2.18/lib/action_view/renderer/template_renderer.rb:46:in `block in render_template'
/home/saasbook/.rvm/gems/ruby-1.9.3-p448/gems/actionpack-3.2.18/lib/action_view/renderer/template_renderer.rb:54:in `render_with_layout'
/home/saasbook/.rvm/gems/ruby-1.9.3-p448/gems/actionpack-3.2.18/lib/action_view/renderer/template_renderer.rb:45:in `render_template'
/home/saasbook/.rvm/gems/ruby-1.9.3-p448/gems/actionpack-3.2.18/lib/action_view/renderer/template_renderer.rb:18:in `render'
/home/saasbook/.rvm/gems/ruby-1.9.3-p448/gems/actionpack-3.2.18/lib/action_view/renderer/renderer.rb:36:in `render_template'
/home/saasbook/.rvm/gems/ruby-1.9.3-p448/gems/actionpack-3.2.18/lib/action_view/renderer/renderer.rb:17:in `render'
/home/saasbook/.rvm/gems/ruby-1.9.3-p448/gems/actionpack-3.2.18/lib/abstract_controller/rendering.rb:110:in `_render_template'
/home/saasbook/.rvm/gems/ruby-1.9.3-p448/gems/actionpack-3.2.18/lib/action_controller/metal/streaming.rb:225:in `_render_template'
/home/saasbook/.rvm/gems/ruby-1.9.3-p448/gems/actionpack-3.2.18/lib/abstract_controller/rendering.rb:103:in `render_to_body'
/home/saasbook/.rvm/gems/ruby-1.9.3-p448/gems/actionpack-3.2.18/lib/action_controller/metal/renderers.rb:28:in `render_to_body'
/home/saasbook/.rvm/gems/ruby-1.9.3-p448/gems/actionpack-3.2.18/lib/action_controller/metal/compatibility.rb:50:in `render_to_body'
/home/saasbook/.rvm/gems/ruby-1.9.3-p448/gems/actionpack-3.2.18/lib/abstract_controller/rendering.rb:88:in `render'
/home/saasbook/.rvm/gems/ruby-1.9.3-p448/gems/actionpack-3.2.18/lib/action_controller/metal/rendering.rb:16:in `render'
/home/saasbook/.rvm/gems/ruby-1.9.3-p448/gems/actionpack-3.2.18/lib/action_controller/metal/instrumentation.rb:40:in `block (2 levels) in render'
/home/saasbook/.rvm/gems/ruby-1.9.3-p448/gems/activesupport-3.2.18/lib/active_support/core_ext/benchmark.rb:5:in `block in ms'
/home/saasbook/.rvm/rubies/ruby-1.9.3-p448/lib/ruby/1.9.1/benchmark.rb:295:in `realtime'
/home/saasbook/.rvm/gems/ruby-1.9.3-p448/gems/activesupport-3.2.18/lib/active_support/core_ext/benchmark.rb:5:in `ms'
/home/saasbook/.rvm/gems/ruby-1.9.3-p448/gems/actionpack-3.2.18/lib/action_controller/metal/instrumentation.rb:40:in `block in render'
/home/saasbook/.rvm/gems/ruby-1.9.3-p448/gems/actionpack-3.2.18/lib/action_controller/metal/instrumentation.rb:83:in `cleanup_view_runtime'
/home/saasbook/.rvm/gems/ruby-1.9.3-p448/gems/activerecord-3.2.18/lib/active_record/railties/controller_runtime.rb:24:in `cleanup_view_runtime'
/home/saasbook/.rvm/gems/ruby-1.9.3-p448/gems/actionpack-3.2.18/lib/action_controller/metal/instrumentation.rb:39:in `render'
/home/saasbook/.rvm/gems/ruby-1.9.3-p448/gems/actionpack-3.2.18/lib/action_controller/metal/implicit_render.rb:10:in `default_render'
/home/saasbook/.rvm/gems/ruby-1.9.3-p448/gems/actionpack-3.2.18/lib/action_controller/metal/implicit_render.rb:5:in `send_action'
/home/saasbook/.rvm/gems/ruby-1.9.3-p448/gems/actionpack-3.2.18/lib/abstract_controller/base.rb:167:in `process_action'
/home/saasbook/.rvm/gems/ruby-1.9.3-p448/gems/actionpack-3.2.18/lib/action_controller/metal/rendering.rb:10:in `process_action'
/home/saasbook/.rvm/gems/ruby-1.9.3-p448/gems/actionpack-3.2.18/lib/abstract_controller/callbacks.rb:18:in `block in process_action'
/home/saasbook/.rvm/gems/ruby-1.9.3-p448/gems/activesupport-3.2.18/lib/active_support/callbacks.rb:414:in `_run__1977633__process_action__886063464__callbacks'
/home/saasbook/.rvm/gems/ruby-1.9.3-p448/gems/activesupport-3.2.18/lib/active_support/callbacks.rb:405:in `__run_callback'
/home/saasbook/.rvm/gems/ruby-1.9.3-p448/gems/activesupport-3.2.18/lib/active_support/callbacks.rb:385:in `_run_process_action_callbacks'
/home/saasbook/.rvm/gems/ruby-1.9.3-p448/gems/activesupport-3.2.18/lib/active_support/callbacks.rb:81:in `run_callbacks'
/home/saasbook/.rvm/gems/ruby-1.9.3-p448/gems/actionpack-3.2.18/lib/abstract_controller/callbacks.rb:17:in `process_action'
/home/saasbook/.rvm/gems/ruby-1.9.3-p448/gems/actionpack-3.2.18/lib/action_controller/metal/rescue.rb:29:in `process_action'
/home/saasbook/.rvm/gems/ruby-1.9.3-p448/gems/actionpack-3.2.18/lib/action_controller/metal/instrumentation.rb:30:in `block in process_action'
/home/saasbook/.rvm/gems/ruby-1.9.3-p448/gems/activesupport-3.2.18/lib/active_support/notifications.rb:123:in `block in instrument'
/home/saasbook/.rvm/gems/ruby-1.9.3-p448/gems/activesupport-3.2.18/lib/active_support/notifications/instrumenter.rb:20:in `instrument'
/home/saasbook/.rvm/gems/ruby-1.9.3-p448/gems/activesupport-3.2.18/lib/active_support/notifications.rb:123:in `instrument'
/home/saasbook/.rvm/gems/ruby-1.9.3-p448/gems/actionpack-3.2.18/lib/action_controller/metal/instrumentation.rb:29:in `process_action'
/home/saasbook/.rvm/gems/ruby-1.9.3-p448/gems/actionpack-3.2.18/lib/action_controller/metal/params_wrapper.rb:207:in `process_action'
/home/saasbook/.rvm/gems/ruby-1.9.3-p448/gems/activerecord-3.2.18/lib/active_record/railties/controller_runtime.rb:18:in `process_action'
/home/saasbook/.rvm/gems/ruby-1.9.3-p448/gems/actionpack-3.2.18/lib/abstract_controller/base.rb:121:in `process'
/home/saasbook/.rvm/gems/ruby-1.9.3-p448/gems/actionpack-3.2.18/lib/abstract_controller/rendering.rb:45:in `process'
/home/saasbook/.rvm/gems/ruby-1.9.3-p448/gems/actionpack-3.2.18/lib/action_controller/metal.rb:203:in `dispatch'
/home/saasbook/.rvm/gems/ruby-1.9.3-p448/gems/actionpack-3.2.18/lib/action_controller/metal/rack_delegation.rb:14:in `dispatch'
/home/saasbook/.rvm/gems/ruby-1.9.3-p448/gems/actionpack-3.2.18/lib/action_controller/metal.rb:246:in `block in action'
/home/saasbook/.rvm/gems/ruby-1.9.3-p448/gems/actionpack-3.2.18/lib/action_dispatch/routing/route_set.rb:73:in `call'
/home/saasbook/.rvm/gems/ruby-1.9.3-p448/gems/actionpack-3.2.18/lib/action_dispatch/routing/route_set.rb:73:in `dispatch'
/home/saasbook/.rvm/gems/ruby-1.9.3-p448/gems/actionpack-3.2.18/lib/action_dispatch/routing/route_set.rb:36:in `call'
/home/saasbook/.rvm/gems/ruby-1.9.3-p448/gems/journey-1.0.4/lib/journey/router.rb:68:in `block in call'
/home/saasbook/.rvm/gems/ruby-1.9.3-p448/gems/journey-1.0.4/lib/journey/router.rb:56:in `each'
/home/saasbook/.rvm/gems/ruby-1.9.3-p448/gems/journey-1.0.4/lib/journey/router.rb:56:in `call'
/home/saasbook/.rvm/gems/ruby-1.9.3-p448/gems/actionpack-3.2.18/lib/action_dispatch/routing/route_set.rb:608:in `call'
/home/saasbook/.rvm/gems/ruby-1.9.3-p448/gems/actionpack-3.2.18/lib/action_dispatch/middleware/best_standards_support.rb:17:in `call'
/home/saasbook/.rvm/gems/ruby-1.9.3-p448/gems/rack-1.4.5/lib/rack/etag.rb:23:in `call'
/home/saasbook/.rvm/gems/ruby-1.9.3-p448/gems/rack-1.4.5/lib/rack/conditionalget.rb:25:in `call'
/home/saasbook/.rvm/gems/ruby-1.9.3-p448/gems/actionpack-3.2.18/lib/action_dispatch/middleware/head.rb:14:in `call'
/home/saasbook/.rvm/gems/ruby-1.9.3-p448/gems/actionpack-3.2.18/lib/action_dispatch/middleware/params_parser.rb:21:in `call'
/home/saasbook/.rvm/gems/ruby-1.9.3-p448/gems/actionpack-3.2.18/lib/action_dispatch/middleware/flash.rb:242:in `call'
/home/saasbook/.rvm/gems/ruby-1.9.3-p448/gems/rack-1.4.5/lib/rack/session/abstract/id.rb:210:in `context'
/home/saasbook/.rvm/gems/ruby-1.9.3-p448/gems/rack-1.4.5/lib/rack/session/abstract/id.rb:205:in `call'
/home/saasbook/.rvm/gems/ruby-1.9.3-p448/gems/actionpack-3.2.18/lib/action_dispatch/middleware/cookies.rb:341:in `call'
/home/saasbook/.rvm/gems/ruby-1.9.3-p448/gems/activerecord-3.2.18/lib/active_record/query_cache.rb:64:in `call'
/home/saasbook/.rvm/gems/ruby-1.9.3-p448/gems/activerecord-3.2.18/lib/active_record/connection_adapters/abstract/connection_pool.rb:479:in `call'
/home/saasbook/.rvm/gems/ruby-1.9.3-p448/gems/actionpack-3.2.18/lib/action_dispatch/middleware/callbacks.rb:28:in `block in call'
/home/saasbook/.rvm/gems/ruby-1.9.3-p448/gems/activesupport-3.2.18/lib/active_support/callbacks.rb:405:in `_run__938606670__call__20487964__callbacks'
/home/saasbook/.rvm/gems/ruby-1.9.3-p448/gems/activesupport-3.2.18/lib/active_support/callbacks.rb:405:in `__run_callback'
/home/saasbook/.rvm/gems/ruby-1.9.3-p448/gems/activesupport-3.2.18/lib/active_support/callbacks.rb:385:in `_run_call_callbacks'
/home/saasbook/.rvm/gems/ruby-1.9.3-p448/gems/activesupport-3.2.18/lib/active_support/callbacks.rb:81:in `run_callbacks'
/home/saasbook/.rvm/gems/ruby-1.9.3-p448/gems/actionpack-3.2.18/lib/action_dispatch/middleware/callbacks.rb:27:in `call'
/home/saasbook/.rvm/gems/ruby-1.9.3-p448/gems/actionpack-3.2.18/lib/action_dispatch/middleware/reloader.rb:65:in `call'
/home/saasbook/.rvm/gems/ruby-1.9.3-p448/gems/actionpack-3.2.18/lib/action_dispatch/middleware/remote_ip.rb:31:in `call'
/home/saasbook/.rvm/gems/ruby-1.9.3-p448/gems/actionpack-3.2.18/lib/action_dispatch/middleware/debug_exceptions.rb:16:in `call'
/home/saasbook/.rvm/gems/ruby-1.9.3-p448/gems/actionpack-3.2.18/lib/action_dispatch/middleware/show_exceptions.rb:56:in `call'
/home/saasbook/.rvm/gems/ruby-1.9.3-p448/gems/railties-3.2.18/lib/rails/rack/logger.rb:32:in `call_app'
/home/saasbook/.rvm/gems/ruby-1.9.3-p448/gems/railties-3.2.18/lib/rails/rack/logger.rb:16:in `block in call'
/home/saasbook/.rvm/gems/ruby-1.9.3-p448/gems/activesupport-3.2.18/lib/active_support/tagged_logging.rb:22:in `tagged'
/home/saasbook/.rvm/gems/ruby-1.9.3-p448/gems/railties-3.2.18/lib/rails/rack/logger.rb:16:in `call'
/home/saasbook/.rvm/gems/ruby-1.9.3-p448/gems/actionpack-3.2.18/lib/action_dispatch/middleware/request_id.rb:22:in `call'
/home/saasbook/.rvm/gems/ruby-1.9.3-p448/gems/rack-1.4.5/lib/rack/methodoverride.rb:21:in `call'
/home/saasbook/.rvm/gems/ruby-1.9.3-p448/gems/rack-1.4.5/lib/rack/runtime.rb:17:in `call'
/home/saasbook/.rvm/gems/ruby-1.9.3-p448/gems/activesupport-3.2.18/lib/active_support/cache/strategy/local_cache.rb:72:in `call'
/home/saasbook/.rvm/gems/ruby-1.9.3-p448/gems/rack-1.4.5/lib/rack/lock.rb:15:in `call'
/home/saasbook/.rvm/gems/ruby-1.9.3-p448/gems/actionpack-3.2.18/lib/action_dispatch/middleware/static.rb:63:in `call'
/home/saasbook/.rvm/gems/ruby-1.9.3-p448/gems/railties-3.2.18/lib/rails/engine.rb:484:in `call'
/home/saasbook/.rvm/gems/ruby-1.9.3-p448/gems/railties-3.2.18/lib/rails/application.rb:231:in `call'
/home/saasbook/.rvm/gems/ruby-1.9.3-p448/gems/rack-1.4.5/lib/rack/content_length.rb:14:in `call'
/home/saasbook/.rvm/gems/ruby-1.9.3-p448/gems/railties-3.2.18/lib/rails/rack/log_tailer.rb:17:in `call'
/home/saasbook/.rvm/gems/ruby-1.9.3-p448/gems/rack-1.4.5/lib/rack/handler/webrick.rb:59:in `service'
/home/saasbook/.rvm/rubies/ruby-1.9.3-p448/lib/ruby/1.9.1/webrick/httpserver.rb:138:in `service'
/home/saasbook/.rvm/rubies/ruby-1.9.3-p448/lib/ruby/1.9.1/webrick/httpserver.rb:94:in `run'
/home/saasbook/.rvm/rubies/ruby-1.9.3-p448/lib/ruby/1.9.1/webrick/server.rb:191:in `block in start_thread'
  Rendered movies/index.html.haml within layouts/application (8.6ms)
Completed 500 Internal Server Error in 10.9ms

ActionView::Template::Error (/home/saasbook/Documents/rails-intro/app/views/movies/index.html.haml:8: syntax error, unexpected ';', expecting ')'
));}</th>\n      <th>Rating</th>...
   ^
/home/saasbook/Documents/rails-intro/app/views/movies/index.html.haml:8: unknown regexp options - th
/home/saasbook/Documents/rails-intro/app/views/movies/index.html.haml:8: syntax error, unexpected $undefined
...;}</th>\n      <th>Rating</th>\n      <th id='release_date_h...
...                               ^
/home/saasbook/Documents/rails-intro/app/views/movies/index.html.haml:8: syntax error, unexpected tIDENTIFIER, expecting keyword_do or '{' or '('
...  <th>Rating</th>\n      <th id='release_date_header'>#{_ham...
...                               ^):
    5:   %thead
    6:     %tr
    7:       %th#title_header= link_to 'Movie Title', movie_path(:sort => 'title'
    8:       %th Rating
    9:       %th#release_date_header= link_to 'Release Date', :sort => 'release_date'
    10:       %th More Info
    11:   %tbody
  actionpack (3.2.18) lib/action_view/template.rb:297:in `module_eval'
  actionpack (3.2.18) lib/action_view/template.rb:297:in `compile'
  actionpack (3.2.18) lib/action_view/template.rb:244:in `block in compile!'
  <internal:prelude>:10:in `synchronize'
  actionpack (3.2.18) lib/action_view/template.rb:232:in `compile!'
  actionpack (3.2.18) lib/action_view/template.rb:144:in `block in render'
  activesupport (3.2.18) lib/active_support/notifications.rb:125:in `instrument'
  actionpack (3.2.18) lib/action_view/template.rb:143:in `render'
  actionpack (3.2.18) lib/action_view/renderer/template_renderer.rb:47:in `block (2 levels) in render_template'
  actionpack (3.2.18) lib/action_view/renderer/abstract_renderer.rb:38:in `block in instrument'
  activesupport (3.2.18) lib/active_support/notifications.rb:123:in `block in instrument'
  activesupport (3.2.18) lib/active_support/notifications/instrumenter.rb:20:in `instrument'
  activesupport (3.2.18) lib/active_support/notifications.rb:123:in `instrument'
  actionpack (3.2.18) lib/action_view/renderer/abstract_renderer.rb:38:in `instrument'
  actionpack (3.2.18) lib/action_view/renderer/template_renderer.rb:46:in `block in render_template'
  actionpack (3.2.18) lib/action_view/renderer/template_renderer.rb:54:in `render_with_layout'
  actionpack (3.2.18) lib/action_view/renderer/template_renderer.rb:45:in `render_template'
  actionpack (3.2.18) lib/action_view/renderer/template_renderer.rb:18:in `render'
  actionpack (3.2.18) lib/action_view/renderer/renderer.rb:36:in `render_template'
  actionpack (3.2.18) lib/action_view/renderer/renderer.rb:17:in `render'
  actionpack (3.2.18) lib/abstract_controller/rendering.rb:110:in `_render_template'
  actionpack (3.2.18) lib/action_controller/metal/streaming.rb:225:in `_render_template'
  actionpack (3.2.18) lib/abstract_controller/rendering.rb:103:in `render_to_body'
  actionpack (3.2.18) lib/action_controller/metal/renderers.rb:28:in `render_to_body'
  actionpack (3.2.18) lib/action_controller/metal/compatibility.rb:50:in `render_to_body'
  actionpack (3.2.18) lib/abstract_controller/rendering.rb:88:in `render'
  actionpack (3.2.18) lib/action_controller/metal/rendering.rb:16:in `render'
  actionpack (3.2.18) lib/action_controller/metal/instrumentation.rb:40:in `block (2 levels) in render'
  activesupport (3.2.18) lib/active_support/core_ext/benchmark.rb:5:in `block in ms'
  /home/saasbook/.rvm/rubies/ruby-1.9.3-p448/lib/ruby/1.9.1/benchmark.rb:295:in `realtime'
  activesupport (3.2.18) lib/active_support/core_ext/benchmark.rb:5:in `ms'
  actionpack (3.2.18) lib/action_controller/metal/instrumentation.rb:40:in `block in render'
  actionpack (3.2.18) lib/action_controller/metal/instrumentation.rb:83:in `cleanup_view_runtime'
  activerecord (3.2.18) lib/active_record/railties/controller_runtime.rb:24:in `cleanup_view_runtime'
  actionpack (3.2.18) lib/action_controller/metal/instrumentation.rb:39:in `render'
  actionpack (3.2.18) lib/action_controller/metal/implicit_render.rb:10:in `default_render'
  actionpack (3.2.18) lib/action_controller/metal/implicit_render.rb:5:in `send_action'
  actionpack (3.2.18) lib/abstract_controller/base.rb:167:in `process_action'
  actionpack (3.2.18) lib/action_controller/metal/rendering.rb:10:in `process_action'
  actionpack (3.2.18) lib/abstract_controller/callbacks.rb:18:in `block in process_action'
  activesupport (3.2.18) lib/active_support/callbacks.rb:414:in `_run__1977633__process_action__886063464__callbacks'
  activesupport (3.2.18) lib/active_support/callbacks.rb:405:in `__run_callback'
  activesupport (3.2.18) lib/active_support/callbacks.rb:385:in `_run_process_action_callbacks'
  activesupport (3.2.18) lib/active_support/callbacks.rb:81:in `run_callbacks'
  actionpack (3.2.18) lib/abstract_controller/callbacks.rb:17:in `process_action'
  actionpack (3.2.18) lib/action_controller/metal/rescue.rb:29:in `process_action'
  actionpack (3.2.18) lib/action_controller/metal/instrumentation.rb:30:in `block in process_action'
  activesupport (3.2.18) lib/active_support/notifications.rb:123:in `block in instrument'
  activesupport (3.2.18) lib/active_support/notifications/instrumenter.rb:20:in `instrument'
  activesupport (3.2.18) lib/active_support/notifications.rb:123:in `instrument'
  actionpack (3.2.18) lib/action_controller/metal/instrumentation.rb:29:in `process_action'
  actionpack (3.2.18) lib/action_controller/metal/params_wrapper.rb:207:in `process_action'
  activerecord (3.2.18) lib/active_record/railties/controller_runtime.rb:18:in `process_action'
  actionpack (3.2.18) lib/abstract_controller/base.rb:121:in `process'
  actionpack (3.2.18) lib/abstract_controller/rendering.rb:45:in `process'
  actionpack (3.2.18) lib/action_controller/metal.rb:203:in `dispatch'
  actionpack (3.2.18) lib/action_controller/metal/rack_delegation.rb:14:in `dispatch'
  actionpack (3.2.18) lib/action_controller/metal.rb:246:in `block in action'
  actionpack (3.2.18) lib/action_dispatch/routing/route_set.rb:73:in `call'
  actionpack (3.2.18) lib/action_dispatch/routing/route_set.rb:73:in `dispatch'
  actionpack (3.2.18) lib/action_dispatch/routing/route_set.rb:36:in `call'
  journey (1.0.4) lib/journey/router.rb:68:in `block in call'
  journey (1.0.4) lib/journey/router.rb:56:in `each'
  journey (1.0.4) lib/journey/router.rb:56:in `call'
  actionpack (3.2.18) lib/action_dispatch/routing/route_set.rb:608:in `call'
  actionpack (3.2.18) lib/action_dispatch/middleware/best_standards_support.rb:17:in `call'
  rack (1.4.5) lib/rack/etag.rb:23:in `call'
  rack (1.4.5) lib/rack/conditionalget.rb:25:in `call'
  actionpack (3.2.18) lib/action_dispatch/middleware/head.rb:14:in `call'
  actionpack (3.2.18) lib/action_dispatch/middleware/params_parser.rb:21:in `call'
  actionpack (3.2.18) lib/action_dispatch/middleware/flash.rb:242:in `call'
  rack (1.4.5) lib/rack/session/abstract/id.rb:210:in `context'
  rack (1.4.5) lib/rack/session/abstract/id.rb:205:in `call'
  actionpack (3.2.18) lib/action_dispatch/middleware/cookies.rb:341:in `call'
  activerecord (3.2.18) lib/active_record/query_cache.rb:64:in `call'
  activerecord (3.2.18) lib/active_record/connection_adapters/abstract/connection_pool.rb:479:in `call'
  actionpack (3.2.18) lib/action_dispatch/middleware/callbacks.rb:28:in `block in call'
  activesupport (3.2.18) lib/active_support/callbacks.rb:405:in `_run__938606670__call__20487964__callbacks'
  activesupport (3.2.18) lib/active_support/callbacks.rb:405:in `__run_callback'
  activesupport (3.2.18) lib/active_support/callbacks.rb:385:in `_run_call_callbacks'
  activesupport (3.2.18) lib/active_support/callbacks.rb:81:in `run_callbacks'
  actionpack (3.2.18) lib/action_dispatch/middleware/callbacks.rb:27:in `call'
  actionpack (3.2.18) lib/action_dispatch/middleware/reloader.rb:65:in `call'
  actionpack (3.2.18) lib/action_dispatch/middleware/remote_ip.rb:31:in `call'
  actionpack (3.2.18) lib/action_dispatch/middleware/debug_exceptions.rb:16:in `call'
  actionpack (3.2.18) lib/action_dispatch/middleware/show_exceptions.rb:56:in `call'
  railties (3.2.18) lib/rails/rack/logger.rb:32:in `call_app'
  railties (3.2.18) lib/rails/rack/logger.rb:16:in `block in call'
  activesupport (3.2.18) lib/active_support/tagged_logging.rb:22:in `tagged'
  railties (3.2.18) lib/rails/rack/logger.rb:16:in `call'
  actionpack (3.2.18) lib/action_dispatch/middleware/request_id.rb:22:in `call'
  rack (1.4.5) lib/rack/methodoverride.rb:21:in `call'
  rack (1.4.5) lib/rack/runtime.rb:17:in `call'
  activesupport (3.2.18) lib/active_support/cache/strategy/local_cache.rb:72:in `call'
  rack (1.4.5) lib/rack/lock.rb:15:in `call'
  actionpack (3.2.18) lib/action_dispatch/middleware/static.rb:63:in `call'
  railties (3.2.18) lib/rails/engine.rb:484:in `call'
  railties (3.2.18) lib/rails/application.rb:231:in `call'
  rack (1.4.5) lib/rack/content_length.rb:14:in `call'
  railties (3.2.18) lib/rails/rack/log_tailer.rb:17:in `call'
  rack (1.4.5) lib/rack/handler/webrick.rb:59:in `service'
  /home/saasbook/.rvm/rubies/ruby-1.9.3-p448/lib/ruby/1.9.1/webrick/httpserver.rb:138:in `service'
  /home/saasbook/.rvm/rubies/ruby-1.9.3-p448/lib/ruby/1.9.1/webrick/httpserver.rb:94:in `run'
  /home/saasbook/.rvm/rubies/ruby-1.9.3-p448/lib/ruby/1.9.1/webrick/server.rb:191:in `block in start_thread'


  Rendered /home/saasbook/.rvm/gems/ruby-1.9.3-p448/gems/actionpack-3.2.18/lib/action_dispatch/middleware/templates/rescues/_trace.erb (1.0ms)
  Rendered /home/saasbook/.rvm/gems/ruby-1.9.3-p448/gems/actionpack-3.2.18/lib/action_dispatch/middleware/templates/rescues/_request_and_response.erb (0.8ms)
  Rendered /home/saasbook/.rvm/gems/ruby-1.9.3-p448/gems/actionpack-3.2.18/lib/action_dispatch/middleware/templates/rescues/template_error.erb within rescues/layout (7.6ms)


Started GET "/movies" for 127.0.0.1 at 2014-11-23 10:04:38 -0400
Processing by MoviesController#index as HTML
  [1m[35mMovie Load (0.2ms)[0m  SELECT "movies".* FROM "movies" 
  Rendered movies/index.html.haml within layouts/application (8.8ms)
Completed 500 Internal Server Error in 14.4ms

ActionController::RoutingError (No route matches {:action=>"show", :controller=>"movies", :sort=>"title"}):
  app/views/movies/index.html.haml:7:in `_app_views_movies_index_html_haml__487913460__621460068'


  Rendered /home/saasbook/.rvm/gems/ruby-1.9.3-p448/gems/actionpack-3.2.18/lib/action_dispatch/middleware/templates/rescues/routing_error.erb within rescues/layout (0.6ms)


Started GET "/movies" for 127.0.0.1 at 2014-11-23 10:10:12 -0400
Processing by MoviesController#index as HTML
  [1m[36mMovie Load (0.2ms)[0m  [1mSELECT "movies".* FROM "movies" [0m
  Rendered movies/index.html.haml within layouts/application (12.0ms)
Completed 200 OK in 18.3ms (Views: 17.5ms | ActiveRecord: 0.2ms)


Started GET "/assets/application.css?body=1" for 127.0.0.1 at 2014-11-23 10:10:12 -0400
Served asset /application.css - 304 Not Modified (0ms)


Started GET "/assets/jquery.js?body=1" for 127.0.0.1 at 2014-11-23 10:10:12 -0400
Served asset /jquery.js - 304 Not Modified (0ms)


Started GET "/assets/application.js?body=1" for 127.0.0.1 at 2014-11-23 10:10:12 -0400
Served asset /application.js - 304 Not Modified (0ms)


Started GET "/assets/jquery_ujs.js?body=1" for 127.0.0.1 at 2014-11-23 10:10:12 -0400
Served asset /jquery_ujs.js - 304 Not Modified (0ms)


Started GET "/movies?sort=title" for 127.0.0.1 at 2014-11-23 10:10:14 -0400
Processing by MoviesController#index as HTML
  Parameters: {"sort"=>"title"}
  [1m[35mMovie Load (0.2ms)[0m  SELECT "movies".* FROM "movies" 
  Rendered movies/index.html.haml within layouts/application (7.7ms)
Completed 200 OK in 13.2ms (Views: 12.1ms | ActiveRecord: 0.2ms)


Started GET "/assets/application.css?body=1" for 127.0.0.1 at 2014-11-23 10:10:14 -0400
Served asset /application.css - 304 Not Modified (0ms)


Started GET "/assets/application.js?body=1" for 127.0.0.1 at 2014-11-23 10:10:14 -0400
Served asset /application.js - 304 Not Modified (0ms)


Started GET "/assets/jquery_ujs.js?body=1" for 127.0.0.1 at 2014-11-23 10:10:14 -0400
Served asset /jquery_ujs.js - 304 Not Modified (0ms)


Started GET "/assets/jquery.js?body=1" for 127.0.0.1 at 2014-11-23 10:10:14 -0400
Served asset /jquery.js - 304 Not Modified (0ms)


Started GET "/movies?sort=release_date" for 127.0.0.1 at 2014-11-23 10:10:16 -0400
Processing by MoviesController#index as HTML
  Parameters: {"sort"=>"release_date"}
  [1m[36mMovie Load (0.2ms)[0m  [1mSELECT "movies".* FROM "movies" [0m
  Rendered movies/index.html.haml within layouts/application (4.7ms)
Completed 200 OK in 12.6ms (Views: 10.7ms | ActiveRecord: 0.2ms)


Started GET "/assets/application.css?body=1" for 127.0.0.1 at 2014-11-23 10:10:16 -0400
Served asset /application.css - 304 Not Modified (0ms)


Started GET "/assets/application.js?body=1" for 127.0.0.1 at 2014-11-23 10:10:16 -0400
Served asset /application.js - 304 Not Modified (1ms)


Started GET "/assets/jquery_ujs.js?body=1" for 127.0.0.1 at 2014-11-23 10:10:16 -0400
Served asset /jquery_ujs.js - 304 Not Modified (0ms)


Started GET "/assets/jquery.js?body=1" for 127.0.0.1 at 2014-11-23 10:10:16 -0400
Served asset /jquery.js - 304 Not Modified (0ms)


Started GET "/movies?sort=release_date" for 127.0.0.1 at 2014-11-23 10:11:43 -0400
Processing by MoviesController#index as HTML
  Parameters: {"sort"=>"release_date"}
  [1m[35mMovie Load (0.1ms)[0m  SELECT "movies".* FROM "movies" ORDER BY release_date
  Rendered movies/index.html.haml within layouts/application (9.2ms)
Completed 200 OK in 13.2ms (Views: 12.1ms | ActiveRecord: 0.5ms)


Started GET "/assets/application.css?body=1" for 127.0.0.1 at 2014-11-23 10:11:43 -0400
Served asset /application.css - 304 Not Modified (0ms)


Started GET "/assets/jquery.js?body=1" for 127.0.0.1 at 2014-11-23 10:11:43 -0400
Served asset /jquery.js - 304 Not Modified (0ms)


Started GET "/assets/application.js?body=1" for 127.0.0.1 at 2014-11-23 10:11:43 -0400
Served asset /application.js - 304 Not Modified (0ms)


Started GET "/assets/jquery_ujs.js?body=1" for 127.0.0.1 at 2014-11-23 10:11:43 -0400
Served asset /jquery_ujs.js - 304 Not Modified (0ms)


Started GET "/movies?sort=title" for 127.0.0.1 at 2014-11-23 10:11:47 -0400
Processing by MoviesController#index as HTML
  Parameters: {"sort"=>"title"}
  [1m[36mMovie Load (0.2ms)[0m  [1mSELECT "movies".* FROM "movies" ORDER BY title[0m
  Rendered movies/index.html.haml within layouts/application (6.9ms)
Completed 200 OK in 11.6ms (Views: 11.1ms | ActiveRecord: 0.2ms)


Started GET "/assets/application.css?body=1" for 127.0.0.1 at 2014-11-23 10:11:47 -0400
Served asset /application.css - 304 Not Modified (0ms)


Started GET "/assets/jquery.js?body=1" for 127.0.0.1 at 2014-11-23 10:11:47 -0400
Served asset /jquery.js - 304 Not Modified (0ms)


Started GET "/assets/application.js?body=1" for 127.0.0.1 at 2014-11-23 10:11:47 -0400
Served asset /application.js - 304 Not Modified (0ms)


Started GET "/assets/jquery_ujs.js?body=1" for 127.0.0.1 at 2014-11-23 10:11:47 -0400
Served asset /jquery_ujs.js - 304 Not Modified (0ms)


Started GET "/movies?sort=title" for 127.0.0.1 at 2014-11-23 10:11:49 -0400
Processing by MoviesController#index as HTML
  Parameters: {"sort"=>"title"}
  [1m[35mMovie Load (0.2ms)[0m  SELECT "movies".* FROM "movies" ORDER BY title
  Rendered movies/index.html.haml within layouts/application (7.7ms)
Completed 200 OK in 11.1ms (Views: 10.7ms | ActiveRecord: 0.2ms)


Started GET "/assets/application.css?body=1" for 127.0.0.1 at 2014-11-23 10:11:49 -0400
Served asset /application.css - 304 Not Modified (0ms)


Started GET "/assets/jquery.js?body=1" for 127.0.0.1 at 2014-11-23 10:11:49 -0400
Served asset /jquery.js - 304 Not Modified (0ms)


Started GET "/assets/application.js?body=1" for 127.0.0.1 at 2014-11-23 10:11:49 -0400
Served asset /application.js - 304 Not Modified (1ms)


Started GET "/assets/jquery_ujs.js?body=1" for 127.0.0.1 at 2014-11-23 10:11:49 -0400
Served asset /jquery_ujs.js - 304 Not Modified (0ms)


Started GET "/movies?sort=release_date" for 127.0.0.1 at 2014-11-23 10:11:51 -0400
Processing by MoviesController#index as HTML
  Parameters: {"sort"=>"release_date"}
  [1m[36mMovie Load (0.2ms)[0m  [1mSELECT "movies".* FROM "movies" ORDER BY release_date[0m
  Rendered movies/index.html.haml within layouts/application (5.4ms)
Completed 200 OK in 13.7ms (Views: 13.3ms | ActiveRecord: 0.2ms)


Started GET "/assets/application.css?body=1" for 127.0.0.1 at 2014-11-23 10:11:51 -0400
Served asset /application.css - 304 Not Modified (0ms)


Started GET "/assets/application.js?body=1" for 127.0.0.1 at 2014-11-23 10:11:51 -0400
Served asset /application.js - 304 Not Modified (6ms)


Started GET "/assets/jquery_ujs.js?body=1" for 127.0.0.1 at 2014-11-23 10:11:51 -0400
Served asset /jquery_ujs.js - 304 Not Modified (0ms)


Started GET "/assets/jquery.js?body=1" for 127.0.0.1 at 2014-11-23 10:11:51 -0400
Served asset /jquery.js - 304 Not Modified (0ms)


Started GET "/movies?sort=title" for 127.0.0.1 at 2014-11-23 10:11:55 -0400
Processing by MoviesController#index as HTML
  Parameters: {"sort"=>"title"}
  [1m[35mMovie Load (0.2ms)[0m  SELECT "movies".* FROM "movies" ORDER BY title
  Rendered movies/index.html.haml within layouts/application (5.9ms)
Completed 200 OK in 13.0ms (Views: 12.4ms | ActiveRecord: 0.2ms)


Started GET "/assets/application.css?body=1" for 127.0.0.1 at 2014-11-23 10:11:55 -0400
Served asset /application.css - 304 Not Modified (0ms)


Started GET "/assets/application.js?body=1" for 127.0.0.1 at 2014-11-23 10:11:55 -0400
Served asset /application.js - 304 Not Modified (0ms)


Started GET "/assets/jquery_ujs.js?body=1" for 127.0.0.1 at 2014-11-23 10:11:55 -0400
Served asset /jquery_ujs.js - 304 Not Modified (0ms)


Started GET "/assets/jquery.js?body=1" for 127.0.0.1 at 2014-11-23 10:11:55 -0400
Served asset /jquery.js - 304 Not Modified (4ms)


Started GET "/movies?sort=release_date" for 127.0.0.1 at 2014-11-23 10:11:57 -0400
Processing by MoviesController#index as HTML
  Parameters: {"sort"=>"release_date"}
  [1m[36mMovie Load (0.2ms)[0m  [1mSELECT "movies".* FROM "movies" ORDER BY release_date[0m
  Rendered movies/index.html.haml within layouts/application (4.5ms)
Completed 200 OK in 7.7ms (Views: 7.3ms | ActiveRecord: 0.2ms)


Started GET "/assets/application.css?body=1" for 127.0.0.1 at 2014-11-23 10:11:57 -0400
Served asset /application.css - 304 Not Modified (0ms)


Started GET "/assets/jquery_ujs.js?body=1" for 127.0.0.1 at 2014-11-23 10:11:57 -0400
Served asset /jquery_ujs.js - 304 Not Modified (0ms)


Started GET "/assets/jquery.js?body=1" for 127.0.0.1 at 2014-11-23 10:11:57 -0400
Served asset /jquery.js - 304 Not Modified (2ms)


Started GET "/assets/application.js?body=1" for 127.0.0.1 at 2014-11-23 10:11:57 -0400
Served asset /application.js - 304 Not Modified (0ms)
